Log file open, 03/31/23 16:03:09
LogPlatformFile: Not using cached read wrapper
LogInit:Display: RandInit(566616645) SRandInit(566616645).
LogTaskGraph: Started task graph with 4 named threads and 11 total threads with 1 sets of task threads.
LogDevObjectVersion: Number of dev versions registered: 14
LogDevObjectVersion:   Dev-Blueprints (B0D832E4-1F89-4F0D-ACCF-7EB736FD4AA2): 7
LogDevObjectVersion:   Dev-Build (E1C64328-A22C-4D53-A36C-8E866417BD8C): 0
LogDevObjectVersion:   Dev-Core (375EC13C-06E4-48FB-B500-84F0262A717E): 2
LogDevObjectVersion:   Dev-Editor (E4B068ED-F494-42E9-A231-DA0B2E46BB41): 9
LogDevObjectVersion:   Dev-Framework (CFFC743F-43B0-4480-9391-14DF171D2073): 19
LogDevObjectVersion:   Dev-Mobile (B02B49B5-BB20-44E9-A304-32B752E40360): 0
LogDevObjectVersion:   Dev-Networking (A4E4105C-59A1-49B5-A7C5-40C4547EDFEE): 0
LogDevObjectVersion:   Dev-Online (39C831C9-5AE6-47DC-9A44-9C173E1C8E7C): 0
LogDevObjectVersion:   Dev-Physics (78F01B33-EBEA-4F98-B9B4-84EACCB95AA2): 0
LogDevObjectVersion:   Dev-Platform (6631380F-2D4D-43E0-8009-CF276956A95A): 0
LogDevObjectVersion:   Dev-Rendering (12F88B9F-8875-4AFC-A67C-D90C383ABD29): 12
LogDevObjectVersion:   Dev-Sequencer (7B5AE74C-D270-4C10-A958-57980B212A5A): 1
LogDevObjectVersion:   Dev-VR (D7296918-1DD6-4BDD-9DE2-64A83CC13884): 0
LogDevObjectVersion:   Dev-LoadTimes (C2A15278-BFE7-4AFE-6C17-90FF531DF755): 1
[2023.03.31-15.03.09:982][  0]LogMemory: Memory total: Physical=31.7GB (32GB approx)
[2023.03.31-15.03.09:982][  0]LogMemory: Platform Memory Stats for Windows
[2023.03.31-15.03.09:982][  0]LogMemory: Process Physical Memory: 26.92 MB used, 26.93 MB peak
[2023.03.31-15.03.09:982][  0]LogMemory: Process Virtual Memory: 56.57 MB used, 56.57 MB peak
[2023.03.31-15.03.09:982][  0]LogMemory: Physical Memory: 14510.56 MB used,  17958.94 MB free, 32469.50 MB total
[2023.03.31-15.03.09:982][  0]LogMemory: Virtual Memory: 4307.71 MB used,  17958.94 MB free, 134217728.00 MB total
[2023.03.31-15.03.09:982][  0]LogTextLocalizationManager: No translations for ('') exist, falling back to 'en' for localization and internationalization data.
[2023.03.31-15.03.09:982][  0]LogCompile: UHT Command Line: ..\Binaries\Win64\UnrealHeaderTool.exe SlateViewer C:\Users\aja7\Documents\GitHub\unrealTournament\Engine\Intermediate\Build\Win64\SlateViewer\Development\SlateViewer.uhtmanifest "-LogCmds=loginit warning, logexit warning, logdatabase error" -Unattended -WarningsAsErrors -NoEnginePlugins
[2023.03.31-15.03.09:985][  0]LogCompile: Loaded manifest: C:\Users\aja7\Documents\GitHub\unrealTournament\Engine\Intermediate\Build\Win64\SlateViewer\Development\SlateViewer.uhtmanifest
[2023.03.31-15.03.09:985][  0]LogCompile: Manifest.IsGameTarget=False
[2023.03.31-15.03.09:985][  0]LogCompile: Manifest.RootLocalPath=C:\Users\aja7\Documents\GitHub\unrealTournament
[2023.03.31-15.03.09:985][  0]LogCompile: Manifest.RootBuildPath=C:\Users\aja7\Documents\GitHub\unrealTournament\
[2023.03.31-15.03.09:985][  0]LogCompile: Manifest.TargetName=SlateViewer
[2023.03.31-15.03.09:985][  0]LogCompile: Manifest.Modules=9
[2023.03.31-15.03.09:985][  0]LogCompile:   CoreUObject
[2023.03.31-15.03.09:985][  0]LogCompile:   .BaseDirectory=C:/Users/aja7/Documents/GitHub/unrealTournament/Engine/Source/Runtime/CoreUObject/
[2023.03.31-15.03.09:985][  0]LogCompile:   .IncludeBase=C:/Users/aja7/Documents/GitHub/unrealTournament/Engine/Source/Runtime/CoreUObject/
[2023.03.31-15.03.09:985][  0]LogCompile:   .GeneratedIncludeDirectory=C:/Users/aja7/Documents/GitHub/unrealTournament/Engine/Intermediate/Build/Win64/SlateViewer/Inc/CoreUObject/
[2023.03.31-15.03.09:985][  0]LogCompile:   .SaveExportedHeaders=True
[2023.03.31-15.03.09:985][  0]LogCompile:   .GeneratedCPPFilenameBase=C:/Users/aja7/Documents/GitHub/unrealTournament/Engine/Intermediate/Build/Win64/SlateViewer/Inc/CoreUObject/CoreUObject.generated
[2023.03.31-15.03.09:985][  0]LogCompile:   .ModuleType=EngineRuntime
[2023.03.31-15.03.09:985][  0]LogCompile:   InputCore
[2023.03.31-15.03.09:985][  0]LogCompile:   .BaseDirectory=C:/Users/aja7/Documents/GitHub/unrealTournament/Engine/Source/Runtime/InputCore/
[2023.03.31-15.03.09:985][  0]LogCompile:   .IncludeBase=C:/Users/aja7/Documents/GitHub/unrealTournament/Engine/Source/Runtime/InputCore/
[2023.03.31-15.03.09:985][  0]LogCompile:   .GeneratedIncludeDirectory=C:/Users/aja7/Documents/GitHub/unrealTournament/Engine/Intermediate/Build/Win64/SlateViewer/Inc/InputCore/
[2023.03.31-15.03.09:985][  0]LogCompile:   .SaveExportedHeaders=True
[2023.03.31-15.03.09:985][  0]LogCompile:   .GeneratedCPPFilenameBase=C:/Users/aja7/Documents/GitHub/unrealTournament/Engine/Intermediate/Build/Win64/SlateViewer/Inc/InputCore/InputCore.generated
[2023.03.31-15.03.09:985][  0]LogCompile:   .ModuleType=EngineRuntime
[2023.03.31-15.03.09:985][  0]LogCompile:   SlateCore
[2023.03.31-15.03.09:985][  0]LogCompile:   .BaseDirectory=C:/Users/aja7/Documents/GitHub/unrealTournament/Engine/Source/Runtime/SlateCore/
[2023.03.31-15.03.09:985][  0]LogCompile:   .IncludeBase=C:/Users/aja7/Documents/GitHub/unrealTournament/Engine/Source/Runtime/SlateCore/
[2023.03.31-15.03.09:985][  0]LogCompile:   .GeneratedIncludeDirectory=C:/Users/aja7/Documents/GitHub/unrealTournament/Engine/Intermediate/Build/Win64/SlateViewer/Inc/SlateCore/
[2023.03.31-15.03.09:985][  0]LogCompile:   .SaveExportedHeaders=True
[2023.03.31-15.03.09:985][  0]LogCompile:   .GeneratedCPPFilenameBase=C:/Users/aja7/Documents/GitHub/unrealTournament/Engine/Intermediate/Build/Win64/SlateViewer/Inc/SlateCore/SlateCore.generated
[2023.03.31-15.03.09:985][  0]LogCompile:   .ModuleType=EngineRuntime
[2023.03.31-15.03.09:985][  0]LogCompile:   Slate
[2023.03.31-15.03.09:985][  0]LogCompile:   .BaseDirectory=C:/Users/aja7/Documents/GitHub/unrealTournament/Engine/Source/Runtime/Slate/
[2023.03.31-15.03.09:985][  0]LogCompile:   .IncludeBase=C:/Users/aja7/Documents/GitHub/unrealTournament/Engine/Source/Runtime/Slate/
[2023.03.31-15.03.09:985][  0]LogCompile:   .GeneratedIncludeDirectory=C:/Users/aja7/Documents/GitHub/unrealTournament/Engine/Intermediate/Build/Win64/SlateViewer/Inc/Slate/
[2023.03.31-15.03.09:985][  0]LogCompile:   .SaveExportedHeaders=True
[2023.03.31-15.03.09:985][  0]LogCompile:   .GeneratedCPPFilenameBase=C:/Users/aja7/Documents/GitHub/unrealTournament/Engine/Intermediate/Build/Win64/SlateViewer/Inc/Slate/Slate.generated
[2023.03.31-15.03.09:985][  0]LogCompile:   .ModuleType=EngineRuntime
[2023.03.31-15.03.09:985][  0]LogCompile:   SlateReflector
[2023.03.31-15.03.09:985][  0]LogCompile:   .BaseDirectory=C:/Users/aja7/Documents/GitHub/unrealTournament/Engine/Source/Developer/SlateReflector/
[2023.03.31-15.03.09:985][  0]LogCompile:   .IncludeBase=C:/Users/aja7/Documents/GitHub/unrealTournament/Engine/Source/Developer/SlateReflector/
[2023.03.31-15.03.09:985][  0]LogCompile:   .GeneratedIncludeDirectory=C:/Users/aja7/Documents/GitHub/unrealTournament/Engine/Intermediate/Build/Win64/SlateViewer/Inc/SlateReflector/
[2023.03.31-15.03.09:985][  0]LogCompile:   .SaveExportedHeaders=True
[2023.03.31-15.03.09:985][  0]LogCompile:   .GeneratedCPPFilenameBase=C:/Users/aja7/Documents/GitHub/unrealTournament/Engine/Intermediate/Build/Win64/SlateViewer/Inc/SlateReflector/SlateReflector.generated
[2023.03.31-15.03.09:985][  0]LogCompile:   .ModuleType=EngineDeveloper
[2023.03.31-15.03.09:985][  0]LogCompile:   Serialization
[2023.03.31-15.03.09:985][  0]LogCompile:   .BaseDirectory=C:/Users/aja7/Documents/GitHub/unrealTournament/Engine/Source/Runtime/Serialization/
[2023.03.31-15.03.09:985][  0]LogCompile:   .IncludeBase=C:/Users/aja7/Documents/GitHub/unrealTournament/Engine/Source/Runtime/Serialization/
[2023.03.31-15.03.09:985][  0]LogCompile:   .GeneratedIncludeDirectory=C:/Users/aja7/Documents/GitHub/unrealTournament/Engine/Intermediate/Build/Win64/SlateViewer/Inc/Serialization/
[2023.03.31-15.03.09:985][  0]LogCompile:   .SaveExportedHeaders=True
[2023.03.31-15.03.09:985][  0]LogCompile:   .GeneratedCPPFilenameBase=C:/Users/aja7/Documents/GitHub/unrealTournament/Engine/Intermediate/Build/Win64/SlateViewer/Inc/Serialization/Serialization.generated
[2023.03.31-15.03.09:985][  0]LogCompile:   .ModuleType=EngineRuntime
[2023.03.31-15.03.09:985][  0]LogCompile:   WebBrowser
[2023.03.31-15.03.09:985][  0]LogCompile:   .BaseDirectory=C:/Users/aja7/Documents/GitHub/unrealTournament/Engine/Source/Runtime/WebBrowser/
[2023.03.31-15.03.09:985][  0]LogCompile:   .IncludeBase=C:/Users/aja7/Documents/GitHub/unrealTournament/Engine/Source/Runtime/WebBrowser/
[2023.03.31-15.03.09:985][  0]LogCompile:   .GeneratedIncludeDirectory=C:/Users/aja7/Documents/GitHub/unrealTournament/Engine/Intermediate/Build/Win64/SlateViewer/Inc/WebBrowser/
[2023.03.31-15.03.09:985][  0]LogCompile:   .SaveExportedHeaders=True
[2023.03.31-15.03.09:985][  0]LogCompile:   .GeneratedCPPFilenameBase=C:/Users/aja7/Documents/GitHub/unrealTournament/Engine/Intermediate/Build/Win64/SlateViewer/Inc/WebBrowser/WebBrowser.generated
[2023.03.31-15.03.09:985][  0]LogCompile:   .ModuleType=EngineRuntime
[2023.03.31-15.03.09:985][  0]LogCompile:   SourceCodeAccess
[2023.03.31-15.03.09:985][  0]LogCompile:   .BaseDirectory=C:/Users/aja7/Documents/GitHub/unrealTournament/Engine/Source/Developer/SourceCodeAccess/
[2023.03.31-15.03.09:985][  0]LogCompile:   .IncludeBase=C:/Users/aja7/Documents/GitHub/unrealTournament/Engine/Source/Developer/SourceCodeAccess/
[2023.03.31-15.03.09:985][  0]LogCompile:   .GeneratedIncludeDirectory=C:/Users/aja7/Documents/GitHub/unrealTournament/Engine/Intermediate/Build/Win64/SlateViewer/Inc/SourceCodeAccess/
[2023.03.31-15.03.09:985][  0]LogCompile:   .SaveExportedHeaders=True
[2023.03.31-15.03.09:985][  0]LogCompile:   .GeneratedCPPFilenameBase=C:/Users/aja7/Documents/GitHub/unrealTournament/Engine/Intermediate/Build/Win64/SlateViewer/Inc/SourceCodeAccess/SourceCodeAccess.generated
[2023.03.31-15.03.09:985][  0]LogCompile:   .ModuleType=EngineDeveloper
[2023.03.31-15.03.09:985][  0]LogCompile:   EditorStyle
[2023.03.31-15.03.09:985][  0]LogCompile:   .BaseDirectory=C:/Users/aja7/Documents/GitHub/unrealTournament/Engine/Source/Editor/EditorStyle/
[2023.03.31-15.03.09:985][  0]LogCompile:   .IncludeBase=C:/Users/aja7/Documents/GitHub/unrealTournament/Engine/Source/Editor/EditorStyle/
[2023.03.31-15.03.09:985][  0]LogCompile:   .GeneratedIncludeDirectory=C:/Users/aja7/Documents/GitHub/unrealTournament/Engine/Intermediate/Build/Win64/SlateViewer/Inc/EditorStyle/
[2023.03.31-15.03.09:985][  0]LogCompile:   .SaveExportedHeaders=True
[2023.03.31-15.03.09:985][  0]LogCompile:   .GeneratedCPPFilenameBase=C:/Users/aja7/Documents/GitHub/unrealTournament/Engine/Intermediate/Build/Win64/SlateViewer/Inc/EditorStyle/EditorStyle.generated
[2023.03.31-15.03.09:985][  0]LogCompile:   .ModuleType=EngineEditor
[2023.03.31-15.03.09:987][  0]LogCompile: Preparsed module /Script/CoreUObject containing 3 files(s) in 0.00 secs.
[2023.03.31-15.03.09:988][  0]LogCompile: Preparsed module /Script/InputCore containing 1 files(s) in 0.00 secs.
[2023.03.31-15.03.09:998][  0]LogCompile: Preparsed module /Script/SlateCore containing 19 files(s) in 0.01 secs.
[2023.03.31-15.03.10:003][  0]LogCompile: Preparsed module /Script/Slate containing 18 files(s) in 0.01 secs.
[2023.03.31-15.03.10:004][  0]LogCompile: Preparsed module /Script/SlateReflector containing 1 files(s) in 0.00 secs.
[2023.03.31-15.03.10:004][  0]LogCompile: Preparsed module /Script/Serialization containing 1 files(s) in 0.00 secs.
[2023.03.31-15.03.10:004][  0]LogCompile: Preparsed module /Script/WebBrowser containing 1 files(s) in 0.00 secs.
[2023.03.31-15.03.10:005][  0]LogCompile: Preparsed module /Script/SourceCodeAccess containing 1 files(s) in 0.00 secs.
[2023.03.31-15.03.10:005][  0]LogCompile: Preparsed module /Script/EditorStyle containing 1 files(s) in 0.00 secs.
[2023.03.31-15.03.10:010][  0]LogCompile: Exporting native class declarations for /Script/CoreUObject
[2023.03.31-15.03.10:024][  0]LogCompile: Autogenerating boilerplate cpp: CoreUObject.generated.cpp
[2023.03.31-15.03.10:035][  0]LogCompile: Exported updated C++ header: C:/Users/aja7/Documents/GitHub/unrealTournament/Engine/Intermediate/Build/Win64/SlateViewer/Inc/CoreUObject/NoExportTypes.generated.h
[2023.03.31-15.03.10:038][  0]LogCompile: Exported updated C++ header: C:/Users/aja7/Documents/GitHub/unrealTournament/Engine/Intermediate/Build/Win64/SlateViewer/Inc/CoreUObject/CoreNetTypes.generated.h
[2023.03.31-15.03.10:041][  0]LogCompile: Exported updated C++ header: C:/Users/aja7/Documents/GitHub/unrealTournament/Engine/Intermediate/Build/Win64/SlateViewer/Inc/CoreUObject/CoreOnline.generated.h
[2023.03.31-15.03.10:044][  0]LogCompile: Exported updated C++ header: C:/Users/aja7/Documents/GitHub/unrealTournament/Engine/Intermediate/Build/Win64/SlateViewer/Inc/CoreUObject/CoreUObject.generated.dep.h
[2023.03.31-15.03.10:047][  0]LogCompile: Exported updated C++ header: C:/Users/aja7/Documents/GitHub/unrealTournament/Engine/Intermediate/Build/Win64/SlateViewer/Inc/CoreUObject/CoreUObject.generated.cpp
[2023.03.31-15.03.10:047][  0]LogCompile: Success: Parsed 1434 line(s), 85 statement(s) in 0.04 secs.

[2023.03.31-15.03.10:048][  0]LogCompile: Exporting native class declarations for /Script/InputCore
[2023.03.31-15.03.10:055][  0]LogCompile: Autogenerating boilerplate cpp: InputCore.generated.cpp
[2023.03.31-15.03.10:065][  0]LogCompile: Exported updated C++ header: C:/Users/aja7/Documents/GitHub/unrealTournament/Engine/Intermediate/Build/Win64/SlateViewer/Inc/InputCore/InputCoreTypes.generated.h
[2023.03.31-15.03.10:068][  0]LogCompile: Exported updated C++ header: C:/Users/aja7/Documents/GitHub/unrealTournament/Engine/Intermediate/Build/Win64/SlateViewer/Inc/InputCore/InputCoreClasses.h
[2023.03.31-15.03.10:071][  0]LogCompile: Exported updated C++ header: C:/Users/aja7/Documents/GitHub/unrealTournament/Engine/Intermediate/Build/Win64/SlateViewer/Inc/InputCore/InputCore.generated.dep.h
[2023.03.31-15.03.10:074][  0]LogCompile: Exported updated C++ header: C:/Users/aja7/Documents/GitHub/unrealTournament/Engine/Intermediate/Build/Win64/SlateViewer/Inc/InputCore/InputCore.generated.cpp
[2023.03.31-15.03.10:074][  0]LogCompile: Success: Parsed 566 line(s), 21 statement(s) in 0.03 secs.

[2023.03.31-15.03.10:088][  0]LogCompile: Exporting native class declarations for /Script/SlateCore
[2023.03.31-15.03.10:156][  0]LogCompile: Autogenerating boilerplate cpp: SlateCore.generated.cpp
[2023.03.31-15.03.10:167][  0]LogCompile: Exported updated C++ header: C:/Users/aja7/Documents/GitHub/unrealTournament/Engine/Intermediate/Build/Win64/SlateViewer/Inc/SlateCore/FontBulkData.generated.h
[2023.03.31-15.03.10:170][  0]LogCompile: Exported updated C++ header: C:/Users/aja7/Documents/GitHub/unrealTournament/Engine/Intermediate/Build/Win64/SlateViewer/Inc/SlateCore/CompositeFont.generated.h
[2023.03.31-15.03.10:173][  0]LogCompile: Exported updated C++ header: C:/Users/aja7/Documents/GitHub/unrealTournament/Engine/Intermediate/Build/Win64/SlateViewer/Inc/SlateCore/FontFaceInterface.generated.h
[2023.03.31-15.03.10:176][  0]LogCompile: Exported updated C++ header: C:/Users/aja7/Documents/GitHub/unrealTournament/Engine/Intermediate/Build/Win64/SlateViewer/Inc/SlateCore/FontProviderInterface.generated.h
[2023.03.31-15.03.10:179][  0]LogCompile: Exported updated C++ header: C:/Users/aja7/Documents/GitHub/unrealTournament/Engine/Intermediate/Build/Win64/SlateViewer/Inc/SlateCore/SlateColor.generated.h
[2023.03.31-15.03.10:182][  0]LogCompile: Exported updated C++ header: C:/Users/aja7/Documents/GitHub/unrealTournament/Engine/Intermediate/Build/Win64/SlateViewer/Inc/SlateCore/SlateFontInfo.generated.h
[2023.03.31-15.03.10:185][  0]LogCompile: Exported updated C++ header: C:/Users/aja7/Documents/GitHub/unrealTournament/Engine/Intermediate/Build/Win64/SlateViewer/Inc/SlateCore/SlateEnums.generated.h
[2023.03.31-15.03.10:188][  0]LogCompile: Exported updated C++ header: C:/Users/aja7/Documents/GitHub/unrealTournament/Engine/Intermediate/Build/Win64/SlateViewer/Inc/SlateCore/Margin.generated.h
[2023.03.31-15.03.10:191][  0]LogCompile: Exported updated C++ header: C:/Users/aja7/Documents/GitHub/unrealTournament/Engine/Intermediate/Build/Win64/SlateViewer/Inc/SlateCore/SlateSound.generated.h
[2023.03.31-15.03.10:194][  0]LogCompile: Exported updated C++ header: C:/Users/aja7/Documents/GitHub/unrealTournament/Engine/Intermediate/Build/Win64/SlateViewer/Inc/SlateCore/SlateBrush.generated.h
[2023.03.31-15.03.10:197][  0]LogCompile: Exported updated C++ header: C:/Users/aja7/Documents/GitHub/unrealTournament/Engine/Intermediate/Build/Win64/SlateViewer/Inc/SlateCore/SlateWidgetStyle.generated.h
[2023.03.31-15.03.10:200][  0]LogCompile: Exported updated C++ header: C:/Users/aja7/Documents/GitHub/unrealTournament/Engine/Intermediate/Build/Win64/SlateViewer/Inc/SlateCore/SlateTypes.generated.h
[2023.03.31-15.03.10:203][  0]LogCompile: Exported updated C++ header: C:/Users/aja7/Documents/GitHub/unrealTournament/Engine/Intermediate/Build/Win64/SlateViewer/Inc/SlateCore/SlateWidgetStyleContainerInterface.generated.h
[2023.03.31-15.03.10:206][  0]LogCompile: Exported updated C++ header: C:/Users/aja7/Documents/GitHub/unrealTournament/Engine/Intermediate/Build/Win64/SlateViewer/Inc/SlateCore/SlateWidgetStyleContainerBase.generated.h
[2023.03.31-15.03.10:209][  0]LogCompile: Exported updated C++ header: C:/Users/aja7/Documents/GitHub/unrealTournament/Engine/Intermediate/Build/Win64/SlateViewer/Inc/SlateCore/SlateWidgetStyleAsset.generated.h
[2023.03.31-15.03.10:213][  0]LogCompile: Exported updated C++ header: C:/Users/aja7/Documents/GitHub/unrealTournament/Engine/Intermediate/Build/Win64/SlateViewer/Inc/SlateCore/FontCache.generated.h
[2023.03.31-15.03.10:216][  0]LogCompile: Exported updated C++ header: C:/Users/aja7/Documents/GitHub/unrealTournament/Engine/Intermediate/Build/Win64/SlateViewer/Inc/SlateCore/Geometry.generated.h
[2023.03.31-15.03.10:219][  0]LogCompile: Exported updated C++ header: C:/Users/aja7/Documents/GitHub/unrealTournament/Engine/Intermediate/Build/Win64/SlateViewer/Inc/SlateCore/Events.generated.h
[2023.03.31-15.03.10:222][  0]LogCompile: Exported updated C++ header: C:/Users/aja7/Documents/GitHub/unrealTournament/Engine/Intermediate/Build/Win64/SlateViewer/Inc/SlateCore/NavigationReply.generated.h
[2023.03.31-15.03.10:225][  0]LogCompile: Exported updated C++ header: C:/Users/aja7/Documents/GitHub/unrealTournament/Engine/Intermediate/Build/Win64/SlateViewer/Inc/SlateCore/SlateCoreClasses.h
[2023.03.31-15.03.10:228][  0]LogCompile: Exported updated C++ header: C:/Users/aja7/Documents/GitHub/unrealTournament/Engine/Intermediate/Build/Win64/SlateViewer/Inc/SlateCore/SlateCore.generated.dep.h
[2023.03.31-15.03.10:231][  0]LogCompile: Exported updated C++ header: C:/Users/aja7/Documents/GitHub/unrealTournament/Engine/Intermediate/Build/Win64/SlateViewer/Inc/SlateCore/SlateCore.generated.cpp
[2023.03.31-15.03.10:231][  0]LogCompile: Success: Parsed 6245 line(s), 320 statement(s) in 0.14 secs.

[2023.03.31-15.03.10:234][  0]LogCompile: Exporting native class declarations for /Script/Slate
[2023.03.31-15.03.10:296][  0]LogCompile: Autogenerating boilerplate cpp: Slate.generated.cpp
[2023.03.31-15.03.10:305][  0]LogCompile: Exported updated C++ header: C:/Users/aja7/Documents/GitHub/unrealTournament/Engine/Intermediate/Build/Win64/SlateViewer/Inc/Slate/ButtonWidgetStyle.generated.h
[2023.03.31-15.03.10:308][  0]LogCompile: Exported updated C++ header: C:/Users/aja7/Documents/GitHub/unrealTournament/Engine/Intermediate/Build/Win64/SlateViewer/Inc/Slate/CheckBoxWidgetStyle.generated.h
[2023.03.31-15.03.10:311][  0]LogCompile: Exported updated C++ header: C:/Users/aja7/Documents/GitHub/unrealTournament/Engine/Intermediate/Build/Win64/SlateViewer/Inc/Slate/ComboBoxWidgetStyle.generated.h
[2023.03.31-15.03.10:314][  0]LogCompile: Exported updated C++ header: C:/Users/aja7/Documents/GitHub/unrealTournament/Engine/Intermediate/Build/Win64/SlateViewer/Inc/Slate/ComboButtonWidgetStyle.generated.h
[2023.03.31-15.03.10:317][  0]LogCompile: Exported updated C++ header: C:/Users/aja7/Documents/GitHub/unrealTournament/Engine/Intermediate/Build/Win64/SlateViewer/Inc/Slate/EditableTextBoxWidgetStyle.generated.h
[2023.03.31-15.03.10:320][  0]LogCompile: Exported updated C++ header: C:/Users/aja7/Documents/GitHub/unrealTournament/Engine/Intermediate/Build/Win64/SlateViewer/Inc/Slate/EditableTextWidgetStyle.generated.h
[2023.03.31-15.03.10:323][  0]LogCompile: Exported updated C++ header: C:/Users/aja7/Documents/GitHub/unrealTournament/Engine/Intermediate/Build/Win64/SlateViewer/Inc/Slate/ProgressWidgetStyle.generated.h
[2023.03.31-15.03.10:326][  0]LogCompile: Exported updated C++ header: C:/Users/aja7/Documents/GitHub/unrealTournament/Engine/Intermediate/Build/Win64/SlateViewer/Inc/Slate/ScrollBarWidgetStyle.generated.h
[2023.03.31-15.03.10:328][  0]LogCompile: Exported updated C++ header: C:/Users/aja7/Documents/GitHub/unrealTournament/Engine/Intermediate/Build/Win64/SlateViewer/Inc/Slate/ScrollBoxWidgetStyle.generated.h
[2023.03.31-15.03.10:331][  0]LogCompile: Exported updated C++ header: C:/Users/aja7/Documents/GitHub/unrealTournament/Engine/Intermediate/Build/Win64/SlateViewer/Inc/Slate/SlateSettings.generated.h
[2023.03.31-15.03.10:334][  0]LogCompile: Exported updated C++ header: C:/Users/aja7/Documents/GitHub/unrealTournament/Engine/Intermediate/Build/Win64/SlateViewer/Inc/Slate/SpinBoxWidgetStyle.generated.h
[2023.03.31-15.03.10:337][  0]LogCompile: Exported updated C++ header: C:/Users/aja7/Documents/GitHub/unrealTournament/Engine/Intermediate/Build/Win64/SlateViewer/Inc/Slate/TextBlockWidgetStyle.generated.h
[2023.03.31-15.03.10:340][  0]LogCompile: Exported updated C++ header: C:/Users/aja7/Documents/GitHub/unrealTournament/Engine/Intermediate/Build/Win64/SlateViewer/Inc/Slate/InputChord.generated.h
[2023.03.31-15.03.10:343][  0]LogCompile: Exported updated C++ header: C:/Users/aja7/Documents/GitHub/unrealTournament/Engine/Intermediate/Build/Win64/SlateViewer/Inc/Slate/TextLayout.generated.h
[2023.03.31-15.03.10:346][  0]LogCompile: Exported updated C++ header: C:/Users/aja7/Documents/GitHub/unrealTournament/Engine/Intermediate/Build/Win64/SlateViewer/Inc/Slate/ITypedTableView.generated.h
[2023.03.31-15.03.10:349][  0]LogCompile: Exported updated C++ header: C:/Users/aja7/Documents/GitHub/unrealTournament/Engine/Intermediate/Build/Win64/SlateViewer/Inc/Slate/Anchors.generated.h
[2023.03.31-15.03.10:352][  0]LogCompile: Exported updated C++ header: C:/Users/aja7/Documents/GitHub/unrealTournament/Engine/Intermediate/Build/Win64/SlateViewer/Inc/Slate/SScaleBox.generated.h
[2023.03.31-15.03.10:354][  0]LogCompile: Exported updated C++ header: C:/Users/aja7/Documents/GitHub/unrealTournament/Engine/Intermediate/Build/Win64/SlateViewer/Inc/Slate/SProgressBar.generated.h
[2023.03.31-15.03.10:357][  0]LogCompile: Exported updated C++ header: C:/Users/aja7/Documents/GitHub/unrealTournament/Engine/Intermediate/Build/Win64/SlateViewer/Inc/Slate/SlateClasses.h
[2023.03.31-15.03.10:360][  0]LogCompile: Exported updated C++ header: C:/Users/aja7/Documents/GitHub/unrealTournament/Engine/Intermediate/Build/Win64/SlateViewer/Inc/Slate/Slate.generated.dep.h
[2023.03.31-15.03.10:363][  0]LogCompile: Exported updated C++ header: C:/Users/aja7/Documents/GitHub/unrealTournament/Engine/Intermediate/Build/Win64/SlateViewer/Inc/Slate/Slate.generated.cpp
[2023.03.31-15.03.10:363][  0]LogCompile: Success: Parsed 1842 line(s), 218 statement(s) in 0.13 secs.

[2023.03.31-15.03.10:363][  0]LogCompile: Exporting native class declarations for /Script/SlateReflector
[2023.03.31-15.03.10:367][  0]LogCompile: Autogenerating boilerplate cpp: SlateReflector.generated.cpp
[2023.03.31-15.03.10:376][  0]LogCompile: Exported updated C++ header: C:/Users/aja7/Documents/GitHub/unrealTournament/Engine/Intermediate/Build/Win64/SlateViewer/Inc/SlateReflector/WidgetSnapshotMessages.generated.h
[2023.03.31-15.03.10:379][  0]LogCompile: Exported updated C++ header: C:/Users/aja7/Documents/GitHub/unrealTournament/Engine/Intermediate/Build/Win64/SlateViewer/Inc/SlateReflector/SlateReflector.generated.dep.h
[2023.03.31-15.03.10:382][  0]LogCompile: Exported updated C++ header: C:/Users/aja7/Documents/GitHub/unrealTournament/Engine/Intermediate/Build/Win64/SlateViewer/Inc/SlateReflector/SlateReflector.generated.cpp
[2023.03.31-15.03.10:382][  0]LogCompile: Success: Parsed 45 line(s), 7 statement(s) in 0.02 secs.

[2023.03.31-15.03.10:383][  0]LogCompile: Exporting native class declarations for /Script/Serialization
[2023.03.31-15.03.10:387][  0]LogCompile: Autogenerating boilerplate cpp: Serialization.generated.cpp
[2023.03.31-15.03.10:397][  0]LogCompile: Exported updated C++ header: C:/Users/aja7/Documents/GitHub/unrealTournament/Engine/Intermediate/Build/Win64/SlateViewer/Inc/Serialization/StructSerializerTestTypes.generated.h
[2023.03.31-15.03.10:401][  0]LogCompile: Exported updated C++ header: C:/Users/aja7/Documents/GitHub/unrealTournament/Engine/Intermediate/Build/Win64/SlateViewer/Inc/Serialization/Serialization.generated.dep.h
[2023.03.31-15.03.10:404][  0]LogCompile: Exported updated C++ header: C:/Users/aja7/Documents/GitHub/unrealTournament/Engine/Intermediate/Build/Win64/SlateViewer/Inc/Serialization/Serialization.generated.cpp
[2023.03.31-15.03.10:404][  0]LogCompile: Success: Parsed 287 line(s), 13 statement(s) in 0.02 secs.

[2023.03.31-15.03.10:405][  0]LogCompile: Exporting native class declarations for /Script/WebBrowser
[2023.03.31-15.03.10:408][  0]LogCompile: Autogenerating boilerplate cpp: WebBrowser.generated.cpp
[2023.03.31-15.03.10:418][  0]LogCompile: Exported updated C++ header: C:/Users/aja7/Documents/GitHub/unrealTournament/Engine/Intermediate/Build/Win64/SlateViewer/Inc/WebBrowser/WebJSFunction.generated.h
[2023.03.31-15.03.10:421][  0]LogCompile: Exported updated C++ header: C:/Users/aja7/Documents/GitHub/unrealTournament/Engine/Intermediate/Build/Win64/SlateViewer/Inc/WebBrowser/WebBrowser.generated.dep.h
[2023.03.31-15.03.10:424][  0]LogCompile: Exported updated C++ header: C:/Users/aja7/Documents/GitHub/unrealTournament/Engine/Intermediate/Build/Win64/SlateViewer/Inc/WebBrowser/WebBrowser.generated.cpp
[2023.03.31-15.03.10:424][  0]LogCompile: Success: Parsed 230 line(s), 12 statement(s) in 0.02 secs.

[2023.03.31-15.03.10:425][  0]LogCompile: Exporting native class declarations for /Script/SourceCodeAccess
[2023.03.31-15.03.10:431][  0]LogCompile: Autogenerating boilerplate cpp: SourceCodeAccess.generated.cpp
[2023.03.31-15.03.10:441][  0]LogCompile: Exported updated C++ header: C:/Users/aja7/Documents/GitHub/unrealTournament/Engine/Intermediate/Build/Win64/SlateViewer/Inc/SourceCodeAccess/SourceCodeAccessSettings.generated.h
[2023.03.31-15.03.10:444][  0]LogCompile: Exported updated C++ header: C:/Users/aja7/Documents/GitHub/unrealTournament/Engine/Intermediate/Build/Win64/SlateViewer/Inc/SourceCodeAccess/SourceCodeAccessClasses.h
[2023.03.31-15.03.10:447][  0]LogCompile: Exported updated C++ header: C:/Users/aja7/Documents/GitHub/unrealTournament/Engine/Intermediate/Build/Win64/SlateViewer/Inc/SourceCodeAccess/SourceCodeAccess.generated.dep.h
[2023.03.31-15.03.10:450][  0]LogCompile: Exported updated C++ header: C:/Users/aja7/Documents/GitHub/unrealTournament/Engine/Intermediate/Build/Win64/SlateViewer/Inc/SourceCodeAccess/SourceCodeAccess.generated.cpp
[2023.03.31-15.03.10:450][  0]LogCompile: Success: Parsed 19 line(s), 9 statement(s) in 0.03 secs.

[2023.03.31-15.03.10:451][  0]LogCompile: Exporting native class declarations for /Script/EditorStyle
[2023.03.31-15.03.10:459][  0]LogCompile: Autogenerating boilerplate cpp: EditorStyle.generated.cpp
[2023.03.31-15.03.10:468][  0]LogCompile: Exported updated C++ header: C:/Users/aja7/Documents/GitHub/unrealTournament/Engine/Intermediate/Build/Win64/SlateViewer/Inc/EditorStyle/EditorStyleSettings.generated.h
[2023.03.31-15.03.10:471][  0]LogCompile: Exported updated C++ header: C:/Users/aja7/Documents/GitHub/unrealTournament/Engine/Intermediate/Build/Win64/SlateViewer/Inc/EditorStyle/EditorStyleClasses.h
[2023.03.31-15.03.10:474][  0]LogCompile: Exported updated C++ header: C:/Users/aja7/Documents/GitHub/unrealTournament/Engine/Intermediate/Build/Win64/SlateViewer/Inc/EditorStyle/EditorStyle.generated.dep.h
[2023.03.31-15.03.10:477][  0]LogCompile: Exported updated C++ header: C:/Users/aja7/Documents/GitHub/unrealTournament/Engine/Intermediate/Build/Win64/SlateViewer/Inc/EditorStyle/EditorStyle.generated.cpp
[2023.03.31-15.03.10:478][  0]LogCompile: Success: Parsed 194 line(s), 50 statement(s) in 0.03 secs.

[2023.03.31-15.03.10:478][  0]LogCompile: Preparsing 9 modules took 0.02 seconds
[2023.03.31-15.03.10:478][  0]LogCompile: Parsing took 0.02 seconds
[2023.03.31-15.03.10:478][  0]LogCompile: Code generation took 0.45 seconds
[2023.03.31-15.03.10:478][  0]LogCompile: ScriptPlugin overhead was 0.00 seconds
[2023.03.31-15.03.10:478][  0]LogCompile: Macroize time was 0.00 seconds
[2023.03.31-15.03.10:478][  0]LogObj: Freed 0b from 0 cluster array pools.
[2023.03.31-15.03.10:479][  0]Log file closed, 03/31/23 16:03:10
