Log file open, 03/31/23 16:00:59
LogPlatformFile: Not using cached read wrapper
LogInit:Display: RandInit(-734499220) SRandInit(-734499220).
LogTaskGraph: Started task graph with 4 named threads and 11 total threads with 1 sets of task threads.
LogDevObjectVersion: Number of dev versions registered: 14
LogDevObjectVersion:   Dev-Blueprints (B0D832E4-1F89-4F0D-ACCF-7EB736FD4AA2): 7
LogDevObjectVersion:   Dev-Build (E1C64328-A22C-4D53-A36C-8E866417BD8C): 0
LogDevObjectVersion:   Dev-Core (375EC13C-06E4-48FB-B500-84F0262A717E): 2
LogDevObjectVersion:   Dev-Editor (E4B068ED-F494-42E9-A231-DA0B2E46BB41): 9
LogDevObjectVersion:   Dev-Framework (CFFC743F-43B0-4480-9391-14DF171D2073): 19
LogDevObjectVersion:   Dev-Mobile (B02B49B5-BB20-44E9-A304-32B752E40360): 0
LogDevObjectVersion:   Dev-Networking (A4E4105C-59A1-49B5-A7C5-40C4547EDFEE): 0
LogDevObjectVersion:   Dev-Online (39C831C9-5AE6-47DC-9A44-9C173E1C8E7C): 0
LogDevObjectVersion:   Dev-Physics (78F01B33-EBEA-4F98-B9B4-84EACCB95AA2): 0
LogDevObjectVersion:   Dev-Platform (6631380F-2D4D-43E0-8009-CF276956A95A): 0
LogDevObjectVersion:   Dev-Rendering (12F88B9F-8875-4AFC-A67C-D90C383ABD29): 12
LogDevObjectVersion:   Dev-Sequencer (7B5AE74C-D270-4C10-A958-57980B212A5A): 1
LogDevObjectVersion:   Dev-VR (D7296918-1DD6-4BDD-9DE2-64A83CC13884): 0
LogDevObjectVersion:   Dev-LoadTimes (C2A15278-BFE7-4AFE-6C17-90FF531DF755): 1
[2023.03.31-15.00.59:876][  0]LogMemory: Memory total: Physical=31.7GB (32GB approx)
[2023.03.31-15.00.59:876][  0]LogMemory: Platform Memory Stats for Windows
[2023.03.31-15.00.59:876][  0]LogMemory: Process Physical Memory: 26.90 MB used, 26.91 MB peak
[2023.03.31-15.00.59:876][  0]LogMemory: Process Virtual Memory: 56.55 MB used, 56.55 MB peak
[2023.03.31-15.00.59:876][  0]LogMemory: Physical Memory: 14734.41 MB used,  17735.10 MB free, 32469.50 MB total
[2023.03.31-15.00.59:876][  0]LogMemory: Virtual Memory: 4307.71 MB used,  17735.10 MB free, 134217728.00 MB total
[2023.03.31-15.00.59:876][  0]LogTextLocalizationManager: No translations for ('') exist, falling back to 'en' for localization and internationalization data.
[2023.03.31-15.00.59:876][  0]LogCompile: UHT Command Line: ..\Binaries\Win64\UnrealHeaderTool.exe UnrealFileServer C:\Users\aja7\Documents\GitHub\unrealTournament\Engine\Intermediate\Build\Win64\UnrealFileServer\Development\UnrealFileServer.uhtmanifest "-LogCmds=loginit warning, logexit warning, logdatabase error" -Unattended -WarningsAsErrors -NoEnginePlugins
[2023.03.31-15.00.59:877][  0]LogCompile: Loaded manifest: C:\Users\aja7\Documents\GitHub\unrealTournament\Engine\Intermediate\Build\Win64\UnrealFileServer\Development\UnrealFileServer.uhtmanifest
[2023.03.31-15.00.59:877][  0]LogCompile: Manifest.IsGameTarget=False
[2023.03.31-15.00.59:877][  0]LogCompile: Manifest.RootLocalPath=C:\Users\aja7\Documents\GitHub\unrealTournament
[2023.03.31-15.00.59:877][  0]LogCompile: Manifest.RootBuildPath=C:\Users\aja7\Documents\GitHub\unrealTournament\
[2023.03.31-15.00.59:877][  0]LogCompile: Manifest.TargetName=UnrealFileServer
[2023.03.31-15.00.59:877][  0]LogCompile: Manifest.Modules=1
[2023.03.31-15.00.59:877][  0]LogCompile:   CoreUObject
[2023.03.31-15.00.59:877][  0]LogCompile:   .BaseDirectory=C:/Users/aja7/Documents/GitHub/unrealTournament/Engine/Source/Runtime/CoreUObject/
[2023.03.31-15.00.59:877][  0]LogCompile:   .IncludeBase=C:/Users/aja7/Documents/GitHub/unrealTournament/Engine/Source/Runtime/CoreUObject/
[2023.03.31-15.00.59:877][  0]LogCompile:   .GeneratedIncludeDirectory=C:/Users/aja7/Documents/GitHub/unrealTournament/Engine/Intermediate/Build/Win64/UnrealFileServer/Inc/CoreUObject/
[2023.03.31-15.00.59:877][  0]LogCompile:   .SaveExportedHeaders=True
[2023.03.31-15.00.59:877][  0]LogCompile:   .GeneratedCPPFilenameBase=C:/Users/aja7/Documents/GitHub/unrealTournament/Engine/Intermediate/Build/Win64/UnrealFileServer/Inc/CoreUObject/CoreUObject.generated
[2023.03.31-15.00.59:877][  0]LogCompile:   .ModuleType=EngineRuntime
[2023.03.31-15.00.59:879][  0]LogCompile: Preparsed module /Script/CoreUObject containing 3 files(s) in 0.00 secs.
[2023.03.31-15.00.59:884][  0]LogCompile: Exporting native class declarations for /Script/CoreUObject
[2023.03.31-15.00.59:903][  0]LogCompile: Autogenerating boilerplate cpp: CoreUObject.generated.cpp
[2023.03.31-15.00.59:926][  0]LogCompile: Exported updated C++ header: C:/Users/aja7/Documents/GitHub/unrealTournament/Engine/Intermediate/Build/Win64/UnrealFileServer/Inc/CoreUObject/NoExportTypes.generated.h
[2023.03.31-15.00.59:929][  0]LogCompile: Exported updated C++ header: C:/Users/aja7/Documents/GitHub/unrealTournament/Engine/Intermediate/Build/Win64/UnrealFileServer/Inc/CoreUObject/CoreNetTypes.generated.h
[2023.03.31-15.00.59:932][  0]LogCompile: Exported updated C++ header: C:/Users/aja7/Documents/GitHub/unrealTournament/Engine/Intermediate/Build/Win64/UnrealFileServer/Inc/CoreUObject/CoreOnline.generated.h
[2023.03.31-15.00.59:935][  0]LogCompile: Exported updated C++ header: C:/Users/aja7/Documents/GitHub/unrealTournament/Engine/Intermediate/Build/Win64/UnrealFileServer/Inc/CoreUObject/CoreUObject.generated.dep.h
[2023.03.31-15.00.59:938][  0]LogCompile: Exported updated C++ header: C:/Users/aja7/Documents/GitHub/unrealTournament/Engine/Intermediate/Build/Win64/UnrealFileServer/Inc/CoreUObject/CoreUObject.generated.cpp
[2023.03.31-15.00.59:939][  0]LogCompile: Success: Parsed 1434 line(s), 85 statement(s) in 0.06 secs.

[2023.03.31-15.00.59:939][  0]LogCompile: Preparsing 1 modules took 0.00 seconds
[2023.03.31-15.00.59:939][  0]LogCompile: Parsing took 0.00 seconds
[2023.03.31-15.00.59:939][  0]LogCompile: Code generation took 0.06 seconds
[2023.03.31-15.00.59:939][  0]LogCompile: ScriptPlugin overhead was 0.00 seconds
[2023.03.31-15.00.59:939][  0]LogCompile: Macroize time was 0.00 seconds
[2023.03.31-15.00.59:939][  0]LogObj: Freed 0b from 0 cluster array pools.
[2023.03.31-15.00.59:940][  0]Log file closed, 03/31/23 16:00:59
