Log file open, 03/31/23 16:02:17
LogPlatformFile: Not using cached read wrapper
LogInit:Display: RandInit(40362049) SRandInit(40362049).
LogTaskGraph: Started task graph with 4 named threads and 11 total threads with 1 sets of task threads.
LogDevObjectVersion: Number of dev versions registered: 14
LogDevObjectVersion:   Dev-Blueprints (B0D832E4-1F89-4F0D-ACCF-7EB736FD4AA2): 7
LogDevObjectVersion:   Dev-Build (E1C64328-A22C-4D53-A36C-8E866417BD8C): 0
LogDevObjectVersion:   Dev-Core (375EC13C-06E4-48FB-B500-84F0262A717E): 2
LogDevObjectVersion:   Dev-Editor (E4B068ED-F494-42E9-A231-DA0B2E46BB41): 9
LogDevObjectVersion:   Dev-Framework (CFFC743F-43B0-4480-9391-14DF171D2073): 19
LogDevObjectVersion:   Dev-Mobile (B02B49B5-BB20-44E9-A304-32B752E40360): 0
LogDevObjectVersion:   Dev-Networking (A4E4105C-59A1-49B5-A7C5-40C4547EDFEE): 0
LogDevObjectVersion:   Dev-Online (39C831C9-5AE6-47DC-9A44-9C173E1C8E7C): 0
LogDevObjectVersion:   Dev-Physics (78F01B33-EBEA-4F98-B9B4-84EACCB95AA2): 0
LogDevObjectVersion:   Dev-Platform (6631380F-2D4D-43E0-8009-CF276956A95A): 0
LogDevObjectVersion:   Dev-Rendering (12F88B9F-8875-4AFC-A67C-D90C383ABD29): 12
LogDevObjectVersion:   Dev-Sequencer (7B5AE74C-D270-4C10-A958-57980B212A5A): 1
LogDevObjectVersion:   Dev-VR (D7296918-1DD6-4BDD-9DE2-64A83CC13884): 0
LogDevObjectVersion:   Dev-LoadTimes (C2A15278-BFE7-4AFE-6C17-90FF531DF755): 1
[2023.03.31-15.02.17:346][  0]LogMemory: Memory total: Physical=31.7GB (32GB approx)
[2023.03.31-15.02.17:346][  0]LogMemory: Platform Memory Stats for Windows
[2023.03.31-15.02.17:346][  0]LogMemory: Process Physical Memory: 26.83 MB used, 26.84 MB peak
[2023.03.31-15.02.17:346][  0]LogMemory: Process Virtual Memory: 56.58 MB used, 56.58 MB peak
[2023.03.31-15.02.17:346][  0]LogMemory: Physical Memory: 14521.46 MB used,  17948.04 MB free, 32469.50 MB total
[2023.03.31-15.02.17:346][  0]LogMemory: Virtual Memory: 4307.71 MB used,  17948.04 MB free, 134217728.00 MB total
[2023.03.31-15.02.17:346][  0]LogTextLocalizationManager: No translations for ('') exist, falling back to 'en' for localization and internationalization data.
[2023.03.31-15.02.17:346][  0]LogCompile: UHT Command Line: ..\Binaries\Win64\UnrealHeaderTool.exe SymbolDebugger C:\Users\aja7\Documents\GitHub\unrealTournament\Engine\Intermediate\Build\Win64\SymbolDebugger\Development\SymbolDebugger.uhtmanifest "-LogCmds=loginit warning, logexit warning, logdatabase error" -Unattended -WarningsAsErrors -NoEnginePlugins
[2023.03.31-15.02.17:347][  0]LogCompile: Loaded manifest: C:\Users\aja7\Documents\GitHub\unrealTournament\Engine\Intermediate\Build\Win64\SymbolDebugger\Development\SymbolDebugger.uhtmanifest
[2023.03.31-15.02.17:347][  0]LogCompile: Manifest.IsGameTarget=False
[2023.03.31-15.02.17:347][  0]LogCompile: Manifest.RootLocalPath=C:\Users\aja7\Documents\GitHub\unrealTournament
[2023.03.31-15.02.17:347][  0]LogCompile: Manifest.RootBuildPath=C:\Users\aja7\Documents\GitHub\unrealTournament\
[2023.03.31-15.02.17:347][  0]LogCompile: Manifest.TargetName=SymbolDebugger
[2023.03.31-15.02.17:347][  0]LogCompile: Manifest.Modules=5
[2023.03.31-15.02.17:347][  0]LogCompile:   CoreUObject
[2023.03.31-15.02.17:347][  0]LogCompile:   .BaseDirectory=C:/Users/aja7/Documents/GitHub/unrealTournament/Engine/Source/Runtime/CoreUObject/
[2023.03.31-15.02.17:347][  0]LogCompile:   .IncludeBase=C:/Users/aja7/Documents/GitHub/unrealTournament/Engine/Source/Runtime/CoreUObject/
[2023.03.31-15.02.17:347][  0]LogCompile:   .GeneratedIncludeDirectory=C:/Users/aja7/Documents/GitHub/unrealTournament/Engine/Intermediate/Build/Win64/SymbolDebugger/Inc/CoreUObject/
[2023.03.31-15.02.17:347][  0]LogCompile:   .SaveExportedHeaders=True
[2023.03.31-15.02.17:347][  0]LogCompile:   .GeneratedCPPFilenameBase=C:/Users/aja7/Documents/GitHub/unrealTournament/Engine/Intermediate/Build/Win64/SymbolDebugger/Inc/CoreUObject/CoreUObject.generated
[2023.03.31-15.02.17:347][  0]LogCompile:   .ModuleType=EngineRuntime
[2023.03.31-15.02.17:347][  0]LogCompile:   InputCore
[2023.03.31-15.02.17:347][  0]LogCompile:   .BaseDirectory=C:/Users/aja7/Documents/GitHub/unrealTournament/Engine/Source/Runtime/InputCore/
[2023.03.31-15.02.17:347][  0]LogCompile:   .IncludeBase=C:/Users/aja7/Documents/GitHub/unrealTournament/Engine/Source/Runtime/InputCore/
[2023.03.31-15.02.17:347][  0]LogCompile:   .GeneratedIncludeDirectory=C:/Users/aja7/Documents/GitHub/unrealTournament/Engine/Intermediate/Build/Win64/SymbolDebugger/Inc/InputCore/
[2023.03.31-15.02.17:347][  0]LogCompile:   .SaveExportedHeaders=True
[2023.03.31-15.02.17:347][  0]LogCompile:   .GeneratedCPPFilenameBase=C:/Users/aja7/Documents/GitHub/unrealTournament/Engine/Intermediate/Build/Win64/SymbolDebugger/Inc/InputCore/InputCore.generated
[2023.03.31-15.02.17:347][  0]LogCompile:   .ModuleType=EngineRuntime
[2023.03.31-15.02.17:347][  0]LogCompile:   SlateCore
[2023.03.31-15.02.17:347][  0]LogCompile:   .BaseDirectory=C:/Users/aja7/Documents/GitHub/unrealTournament/Engine/Source/Runtime/SlateCore/
[2023.03.31-15.02.17:347][  0]LogCompile:   .IncludeBase=C:/Users/aja7/Documents/GitHub/unrealTournament/Engine/Source/Runtime/SlateCore/
[2023.03.31-15.02.17:347][  0]LogCompile:   .GeneratedIncludeDirectory=C:/Users/aja7/Documents/GitHub/unrealTournament/Engine/Intermediate/Build/Win64/SymbolDebugger/Inc/SlateCore/
[2023.03.31-15.02.17:347][  0]LogCompile:   .SaveExportedHeaders=True
[2023.03.31-15.02.17:347][  0]LogCompile:   .GeneratedCPPFilenameBase=C:/Users/aja7/Documents/GitHub/unrealTournament/Engine/Intermediate/Build/Win64/SymbolDebugger/Inc/SlateCore/SlateCore.generated
[2023.03.31-15.02.17:347][  0]LogCompile:   .ModuleType=EngineRuntime
[2023.03.31-15.02.17:347][  0]LogCompile:   Slate
[2023.03.31-15.02.17:347][  0]LogCompile:   .BaseDirectory=C:/Users/aja7/Documents/GitHub/unrealTournament/Engine/Source/Runtime/Slate/
[2023.03.31-15.02.17:347][  0]LogCompile:   .IncludeBase=C:/Users/aja7/Documents/GitHub/unrealTournament/Engine/Source/Runtime/Slate/
[2023.03.31-15.02.17:347][  0]LogCompile:   .GeneratedIncludeDirectory=C:/Users/aja7/Documents/GitHub/unrealTournament/Engine/Intermediate/Build/Win64/SymbolDebugger/Inc/Slate/
[2023.03.31-15.02.17:347][  0]LogCompile:   .SaveExportedHeaders=True
[2023.03.31-15.02.17:347][  0]LogCompile:   .GeneratedCPPFilenameBase=C:/Users/aja7/Documents/GitHub/unrealTournament/Engine/Intermediate/Build/Win64/SymbolDebugger/Inc/Slate/Slate.generated
[2023.03.31-15.02.17:347][  0]LogCompile:   .ModuleType=EngineRuntime
[2023.03.31-15.02.17:347][  0]LogCompile:   EditorStyle
[2023.03.31-15.02.17:347][  0]LogCompile:   .BaseDirectory=C:/Users/aja7/Documents/GitHub/unrealTournament/Engine/Source/Editor/EditorStyle/
[2023.03.31-15.02.17:347][  0]LogCompile:   .IncludeBase=C:/Users/aja7/Documents/GitHub/unrealTournament/Engine/Source/Editor/EditorStyle/
[2023.03.31-15.02.17:347][  0]LogCompile:   .GeneratedIncludeDirectory=C:/Users/aja7/Documents/GitHub/unrealTournament/Engine/Intermediate/Build/Win64/SymbolDebugger/Inc/EditorStyle/
[2023.03.31-15.02.17:347][  0]LogCompile:   .SaveExportedHeaders=True
[2023.03.31-15.02.17:347][  0]LogCompile:   .GeneratedCPPFilenameBase=C:/Users/aja7/Documents/GitHub/unrealTournament/Engine/Intermediate/Build/Win64/SymbolDebugger/Inc/EditorStyle/EditorStyle.generated
[2023.03.31-15.02.17:347][  0]LogCompile:   .ModuleType=EngineEditor
[2023.03.31-15.02.17:349][  0]LogCompile: Preparsed module /Script/CoreUObject containing 3 files(s) in 0.00 secs.
[2023.03.31-15.02.17:350][  0]LogCompile: Preparsed module /Script/InputCore containing 1 files(s) in 0.00 secs.
[2023.03.31-15.02.17:359][  0]LogCompile: Preparsed module /Script/SlateCore containing 19 files(s) in 0.01 secs.
[2023.03.31-15.02.17:364][  0]LogCompile: Preparsed module /Script/Slate containing 18 files(s) in 0.01 secs.
[2023.03.31-15.02.17:364][  0]LogCompile: Preparsed module /Script/EditorStyle containing 1 files(s) in 0.00 secs.
[2023.03.31-15.02.17:369][  0]LogCompile: Exporting native class declarations for /Script/CoreUObject
[2023.03.31-15.02.17:383][  0]LogCompile: Autogenerating boilerplate cpp: CoreUObject.generated.cpp
[2023.03.31-15.02.17:393][  0]LogCompile: Exported updated C++ header: C:/Users/aja7/Documents/GitHub/unrealTournament/Engine/Intermediate/Build/Win64/SymbolDebugger/Inc/CoreUObject/NoExportTypes.generated.h
[2023.03.31-15.02.17:396][  0]LogCompile: Exported updated C++ header: C:/Users/aja7/Documents/GitHub/unrealTournament/Engine/Intermediate/Build/Win64/SymbolDebugger/Inc/CoreUObject/CoreNetTypes.generated.h
[2023.03.31-15.02.17:399][  0]LogCompile: Exported updated C++ header: C:/Users/aja7/Documents/GitHub/unrealTournament/Engine/Intermediate/Build/Win64/SymbolDebugger/Inc/CoreUObject/CoreOnline.generated.h
[2023.03.31-15.02.17:402][  0]LogCompile: Exported updated C++ header: C:/Users/aja7/Documents/GitHub/unrealTournament/Engine/Intermediate/Build/Win64/SymbolDebugger/Inc/CoreUObject/CoreUObject.generated.dep.h
[2023.03.31-15.02.17:406][  0]LogCompile: Exported updated C++ header: C:/Users/aja7/Documents/GitHub/unrealTournament/Engine/Intermediate/Build/Win64/SymbolDebugger/Inc/CoreUObject/CoreUObject.generated.cpp
[2023.03.31-15.02.17:406][  0]LogCompile: Success: Parsed 1434 line(s), 85 statement(s) in 0.04 secs.

[2023.03.31-15.02.17:407][  0]LogCompile: Exporting native class declarations for /Script/InputCore
[2023.03.31-15.02.17:414][  0]LogCompile: Autogenerating boilerplate cpp: InputCore.generated.cpp
[2023.03.31-15.02.17:423][  0]LogCompile: Exported updated C++ header: C:/Users/aja7/Documents/GitHub/unrealTournament/Engine/Intermediate/Build/Win64/SymbolDebugger/Inc/InputCore/InputCoreTypes.generated.h
[2023.03.31-15.02.17:426][  0]LogCompile: Exported updated C++ header: C:/Users/aja7/Documents/GitHub/unrealTournament/Engine/Intermediate/Build/Win64/SymbolDebugger/Inc/InputCore/InputCoreClasses.h
[2023.03.31-15.02.17:428][  0]LogCompile: Exported updated C++ header: C:/Users/aja7/Documents/GitHub/unrealTournament/Engine/Intermediate/Build/Win64/SymbolDebugger/Inc/InputCore/InputCore.generated.dep.h
[2023.03.31-15.02.17:431][  0]LogCompile: Exported updated C++ header: C:/Users/aja7/Documents/GitHub/unrealTournament/Engine/Intermediate/Build/Win64/SymbolDebugger/Inc/InputCore/InputCore.generated.cpp
[2023.03.31-15.02.17:431][  0]LogCompile: Success: Parsed 566 line(s), 21 statement(s) in 0.02 secs.

[2023.03.31-15.02.17:443][  0]LogCompile: Exporting native class declarations for /Script/SlateCore
[2023.03.31-15.02.17:509][  0]LogCompile: Autogenerating boilerplate cpp: SlateCore.generated.cpp
[2023.03.31-15.02.17:519][  0]LogCompile: Exported updated C++ header: C:/Users/aja7/Documents/GitHub/unrealTournament/Engine/Intermediate/Build/Win64/SymbolDebugger/Inc/SlateCore/FontBulkData.generated.h
[2023.03.31-15.02.17:522][  0]LogCompile: Exported updated C++ header: C:/Users/aja7/Documents/GitHub/unrealTournament/Engine/Intermediate/Build/Win64/SymbolDebugger/Inc/SlateCore/CompositeFont.generated.h
[2023.03.31-15.02.17:525][  0]LogCompile: Exported updated C++ header: C:/Users/aja7/Documents/GitHub/unrealTournament/Engine/Intermediate/Build/Win64/SymbolDebugger/Inc/SlateCore/FontFaceInterface.generated.h
[2023.03.31-15.02.17:528][  0]LogCompile: Exported updated C++ header: C:/Users/aja7/Documents/GitHub/unrealTournament/Engine/Intermediate/Build/Win64/SymbolDebugger/Inc/SlateCore/FontProviderInterface.generated.h
[2023.03.31-15.02.17:531][  0]LogCompile: Exported updated C++ header: C:/Users/aja7/Documents/GitHub/unrealTournament/Engine/Intermediate/Build/Win64/SymbolDebugger/Inc/SlateCore/SlateColor.generated.h
[2023.03.31-15.02.17:534][  0]LogCompile: Exported updated C++ header: C:/Users/aja7/Documents/GitHub/unrealTournament/Engine/Intermediate/Build/Win64/SymbolDebugger/Inc/SlateCore/SlateFontInfo.generated.h
[2023.03.31-15.02.17:537][  0]LogCompile: Exported updated C++ header: C:/Users/aja7/Documents/GitHub/unrealTournament/Engine/Intermediate/Build/Win64/SymbolDebugger/Inc/SlateCore/SlateEnums.generated.h
[2023.03.31-15.02.17:540][  0]LogCompile: Exported updated C++ header: C:/Users/aja7/Documents/GitHub/unrealTournament/Engine/Intermediate/Build/Win64/SymbolDebugger/Inc/SlateCore/Margin.generated.h
[2023.03.31-15.02.17:543][  0]LogCompile: Exported updated C++ header: C:/Users/aja7/Documents/GitHub/unrealTournament/Engine/Intermediate/Build/Win64/SymbolDebugger/Inc/SlateCore/SlateSound.generated.h
[2023.03.31-15.02.17:546][  0]LogCompile: Exported updated C++ header: C:/Users/aja7/Documents/GitHub/unrealTournament/Engine/Intermediate/Build/Win64/SymbolDebugger/Inc/SlateCore/SlateBrush.generated.h
[2023.03.31-15.02.17:549][  0]LogCompile: Exported updated C++ header: C:/Users/aja7/Documents/GitHub/unrealTournament/Engine/Intermediate/Build/Win64/SymbolDebugger/Inc/SlateCore/SlateWidgetStyle.generated.h
[2023.03.31-15.02.17:552][  0]LogCompile: Exported updated C++ header: C:/Users/aja7/Documents/GitHub/unrealTournament/Engine/Intermediate/Build/Win64/SymbolDebugger/Inc/SlateCore/SlateTypes.generated.h
[2023.03.31-15.02.17:555][  0]LogCompile: Exported updated C++ header: C:/Users/aja7/Documents/GitHub/unrealTournament/Engine/Intermediate/Build/Win64/SymbolDebugger/Inc/SlateCore/SlateWidgetStyleContainerInterface.generated.h
[2023.03.31-15.02.17:558][  0]LogCompile: Exported updated C++ header: C:/Users/aja7/Documents/GitHub/unrealTournament/Engine/Intermediate/Build/Win64/SymbolDebugger/Inc/SlateCore/SlateWidgetStyleContainerBase.generated.h
[2023.03.31-15.02.17:561][  0]LogCompile: Exported updated C++ header: C:/Users/aja7/Documents/GitHub/unrealTournament/Engine/Intermediate/Build/Win64/SymbolDebugger/Inc/SlateCore/SlateWidgetStyleAsset.generated.h
[2023.03.31-15.02.17:564][  0]LogCompile: Exported updated C++ header: C:/Users/aja7/Documents/GitHub/unrealTournament/Engine/Intermediate/Build/Win64/SymbolDebugger/Inc/SlateCore/FontCache.generated.h
[2023.03.31-15.02.17:567][  0]LogCompile: Exported updated C++ header: C:/Users/aja7/Documents/GitHub/unrealTournament/Engine/Intermediate/Build/Win64/SymbolDebugger/Inc/SlateCore/Geometry.generated.h
[2023.03.31-15.02.17:569][  0]LogCompile: Exported updated C++ header: C:/Users/aja7/Documents/GitHub/unrealTournament/Engine/Intermediate/Build/Win64/SymbolDebugger/Inc/SlateCore/Events.generated.h
[2023.03.31-15.02.17:572][  0]LogCompile: Exported updated C++ header: C:/Users/aja7/Documents/GitHub/unrealTournament/Engine/Intermediate/Build/Win64/SymbolDebugger/Inc/SlateCore/NavigationReply.generated.h
[2023.03.31-15.02.17:574][  0]LogCompile: Exported updated C++ header: C:/Users/aja7/Documents/GitHub/unrealTournament/Engine/Intermediate/Build/Win64/SymbolDebugger/Inc/SlateCore/SlateCoreClasses.h
[2023.03.31-15.02.17:577][  0]LogCompile: Exported updated C++ header: C:/Users/aja7/Documents/GitHub/unrealTournament/Engine/Intermediate/Build/Win64/SymbolDebugger/Inc/SlateCore/SlateCore.generated.dep.h
[2023.03.31-15.02.17:580][  0]LogCompile: Exported updated C++ header: C:/Users/aja7/Documents/GitHub/unrealTournament/Engine/Intermediate/Build/Win64/SymbolDebugger/Inc/SlateCore/SlateCore.generated.cpp
[2023.03.31-15.02.17:580][  0]LogCompile: Success: Parsed 6245 line(s), 320 statement(s) in 0.14 secs.

[2023.03.31-15.02.17:583][  0]LogCompile: Exporting native class declarations for /Script/Slate
[2023.03.31-15.02.17:686][  0]LogCompile: Autogenerating boilerplate cpp: Slate.generated.cpp
[2023.03.31-15.02.17:717][  0]LogCompile: Exported updated C++ header: C:/Users/aja7/Documents/GitHub/unrealTournament/Engine/Intermediate/Build/Win64/SymbolDebugger/Inc/Slate/ButtonWidgetStyle.generated.h
[2023.03.31-15.02.17:720][  0]LogCompile: Exported updated C++ header: C:/Users/aja7/Documents/GitHub/unrealTournament/Engine/Intermediate/Build/Win64/SymbolDebugger/Inc/Slate/CheckBoxWidgetStyle.generated.h
[2023.03.31-15.02.17:723][  0]LogCompile: Exported updated C++ header: C:/Users/aja7/Documents/GitHub/unrealTournament/Engine/Intermediate/Build/Win64/SymbolDebugger/Inc/Slate/ComboBoxWidgetStyle.generated.h
[2023.03.31-15.02.17:726][  0]LogCompile: Exported updated C++ header: C:/Users/aja7/Documents/GitHub/unrealTournament/Engine/Intermediate/Build/Win64/SymbolDebugger/Inc/Slate/ComboButtonWidgetStyle.generated.h
[2023.03.31-15.02.17:729][  0]LogCompile: Exported updated C++ header: C:/Users/aja7/Documents/GitHub/unrealTournament/Engine/Intermediate/Build/Win64/SymbolDebugger/Inc/Slate/EditableTextBoxWidgetStyle.generated.h
[2023.03.31-15.02.17:731][  0]LogCompile: Exported updated C++ header: C:/Users/aja7/Documents/GitHub/unrealTournament/Engine/Intermediate/Build/Win64/SymbolDebugger/Inc/Slate/EditableTextWidgetStyle.generated.h
[2023.03.31-15.02.17:734][  0]LogCompile: Exported updated C++ header: C:/Users/aja7/Documents/GitHub/unrealTournament/Engine/Intermediate/Build/Win64/SymbolDebugger/Inc/Slate/ProgressWidgetStyle.generated.h
[2023.03.31-15.02.17:737][  0]LogCompile: Exported updated C++ header: C:/Users/aja7/Documents/GitHub/unrealTournament/Engine/Intermediate/Build/Win64/SymbolDebugger/Inc/Slate/ScrollBarWidgetStyle.generated.h
[2023.03.31-15.02.17:740][  0]LogCompile: Exported updated C++ header: C:/Users/aja7/Documents/GitHub/unrealTournament/Engine/Intermediate/Build/Win64/SymbolDebugger/Inc/Slate/ScrollBoxWidgetStyle.generated.h
[2023.03.31-15.02.17:743][  0]LogCompile: Exported updated C++ header: C:/Users/aja7/Documents/GitHub/unrealTournament/Engine/Intermediate/Build/Win64/SymbolDebugger/Inc/Slate/SlateSettings.generated.h
[2023.03.31-15.02.17:745][  0]LogCompile: Exported updated C++ header: C:/Users/aja7/Documents/GitHub/unrealTournament/Engine/Intermediate/Build/Win64/SymbolDebugger/Inc/Slate/SpinBoxWidgetStyle.generated.h
[2023.03.31-15.02.17:748][  0]LogCompile: Exported updated C++ header: C:/Users/aja7/Documents/GitHub/unrealTournament/Engine/Intermediate/Build/Win64/SymbolDebugger/Inc/Slate/TextBlockWidgetStyle.generated.h
[2023.03.31-15.02.17:752][  0]LogCompile: Exported updated C++ header: C:/Users/aja7/Documents/GitHub/unrealTournament/Engine/Intermediate/Build/Win64/SymbolDebugger/Inc/Slate/InputChord.generated.h
[2023.03.31-15.02.17:755][  0]LogCompile: Exported updated C++ header: C:/Users/aja7/Documents/GitHub/unrealTournament/Engine/Intermediate/Build/Win64/SymbolDebugger/Inc/Slate/TextLayout.generated.h
[2023.03.31-15.02.17:758][  0]LogCompile: Exported updated C++ header: C:/Users/aja7/Documents/GitHub/unrealTournament/Engine/Intermediate/Build/Win64/SymbolDebugger/Inc/Slate/ITypedTableView.generated.h
[2023.03.31-15.02.17:761][  0]LogCompile: Exported updated C++ header: C:/Users/aja7/Documents/GitHub/unrealTournament/Engine/Intermediate/Build/Win64/SymbolDebugger/Inc/Slate/Anchors.generated.h
[2023.03.31-15.02.17:763][  0]LogCompile: Exported updated C++ header: C:/Users/aja7/Documents/GitHub/unrealTournament/Engine/Intermediate/Build/Win64/SymbolDebugger/Inc/Slate/SScaleBox.generated.h
[2023.03.31-15.02.17:766][  0]LogCompile: Exported updated C++ header: C:/Users/aja7/Documents/GitHub/unrealTournament/Engine/Intermediate/Build/Win64/SymbolDebugger/Inc/Slate/SProgressBar.generated.h
[2023.03.31-15.02.17:769][  0]LogCompile: Exported updated C++ header: C:/Users/aja7/Documents/GitHub/unrealTournament/Engine/Intermediate/Build/Win64/SymbolDebugger/Inc/Slate/SlateClasses.h
[2023.03.31-15.02.17:772][  0]LogCompile: Exported updated C++ header: C:/Users/aja7/Documents/GitHub/unrealTournament/Engine/Intermediate/Build/Win64/SymbolDebugger/Inc/Slate/Slate.generated.dep.h
[2023.03.31-15.02.17:775][  0]LogCompile: Exported updated C++ header: C:/Users/aja7/Documents/GitHub/unrealTournament/Engine/Intermediate/Build/Win64/SymbolDebugger/Inc/Slate/Slate.generated.cpp
[2023.03.31-15.02.17:775][  0]LogCompile: Success: Parsed 1842 line(s), 218 statement(s) in 0.19 secs.

[2023.03.31-15.02.17:776][  0]LogCompile: Exporting native class declarations for /Script/EditorStyle
[2023.03.31-15.02.17:798][  0]LogCompile: Autogenerating boilerplate cpp: EditorStyle.generated.cpp
[2023.03.31-15.02.17:807][  0]LogCompile: Exported updated C++ header: C:/Users/aja7/Documents/GitHub/unrealTournament/Engine/Intermediate/Build/Win64/SymbolDebugger/Inc/EditorStyle/EditorStyleSettings.generated.h
[2023.03.31-15.02.17:810][  0]LogCompile: Exported updated C++ header: C:/Users/aja7/Documents/GitHub/unrealTournament/Engine/Intermediate/Build/Win64/SymbolDebugger/Inc/EditorStyle/EditorStyleClasses.h
[2023.03.31-15.02.17:813][  0]LogCompile: Exported updated C++ header: C:/Users/aja7/Documents/GitHub/unrealTournament/Engine/Intermediate/Build/Win64/SymbolDebugger/Inc/EditorStyle/EditorStyle.generated.dep.h
[2023.03.31-15.02.17:816][  0]LogCompile: Exported updated C++ header: C:/Users/aja7/Documents/GitHub/unrealTournament/Engine/Intermediate/Build/Win64/SymbolDebugger/Inc/EditorStyle/EditorStyle.generated.cpp
[2023.03.31-15.02.17:816][  0]LogCompile: Success: Parsed 194 line(s), 50 statement(s) in 0.04 secs.

[2023.03.31-15.02.17:816][  0]LogCompile: Preparsing 5 modules took 0.02 seconds
[2023.03.31-15.02.17:816][  0]LogCompile: Parsing took 0.02 seconds
[2023.03.31-15.02.17:816][  0]LogCompile: Code generation took 0.43 seconds
[2023.03.31-15.02.17:816][  0]LogCompile: ScriptPlugin overhead was 0.00 seconds
[2023.03.31-15.02.17:816][  0]LogCompile: Macroize time was 0.00 seconds
[2023.03.31-15.02.17:817][  0]LogObj: Freed 0b from 0 cluster array pools.
[2023.03.31-15.02.17:818][  0]Log file closed, 03/31/23 16:02:17
