Log file open, 03/31/23 16:05:00
LogPlatformFile: Not using cached read wrapper
LogInit:Display: RandInit(1676855771) SRandInit(1676855771).
LogTaskGraph: Started task graph with 4 named threads and 11 total threads with 1 sets of task threads.
LogDevObjectVersion: Number of dev versions registered: 14
LogDevObjectVersion:   Dev-Blueprints (B0D832E4-1F89-4F0D-ACCF-7EB736FD4AA2): 7
LogDevObjectVersion:   Dev-Build (E1C64328-A22C-4D53-A36C-8E866417BD8C): 0
LogDevObjectVersion:   Dev-Core (375EC13C-06E4-48FB-B500-84F0262A717E): 2
LogDevObjectVersion:   Dev-Editor (E4B068ED-F494-42E9-A231-DA0B2E46BB41): 9
LogDevObjectVersion:   Dev-Framework (CFFC743F-43B0-4480-9391-14DF171D2073): 19
LogDevObjectVersion:   Dev-Mobile (B02B49B5-BB20-44E9-A304-32B752E40360): 0
LogDevObjectVersion:   Dev-Networking (A4E4105C-59A1-49B5-A7C5-40C4547EDFEE): 0
LogDevObjectVersion:   Dev-Online (39C831C9-5AE6-47DC-9A44-9C173E1C8E7C): 0
LogDevObjectVersion:   Dev-Physics (78F01B33-EBEA-4F98-B9B4-84EACCB95AA2): 0
LogDevObjectVersion:   Dev-Platform (6631380F-2D4D-43E0-8009-CF276956A95A): 0
LogDevObjectVersion:   Dev-Rendering (12F88B9F-8875-4AFC-A67C-D90C383ABD29): 12
LogDevObjectVersion:   Dev-Sequencer (7B5AE74C-D270-4C10-A958-57980B212A5A): 1
LogDevObjectVersion:   Dev-VR (D7296918-1DD6-4BDD-9DE2-64A83CC13884): 0
LogDevObjectVersion:   Dev-LoadTimes (C2A15278-BFE7-4AFE-6C17-90FF531DF755): 1
[2023.03.31-15.05.01:004][  0]LogMemory: Memory total: Physical=31.7GB (32GB approx)
[2023.03.31-15.05.01:004][  0]LogMemory: Platform Memory Stats for Windows
[2023.03.31-15.05.01:004][  0]LogMemory: Process Physical Memory: 26.92 MB used, 26.92 MB peak
[2023.03.31-15.05.01:004][  0]LogMemory: Process Virtual Memory: 56.56 MB used, 56.56 MB peak
[2023.03.31-15.05.01:004][  0]LogMemory: Physical Memory: 14376.55 MB used,  18092.96 MB free, 32469.50 MB total
[2023.03.31-15.05.01:004][  0]LogMemory: Virtual Memory: 4307.71 MB used,  18092.96 MB free, 134217728.00 MB total
[2023.03.31-15.05.01:005][  0]LogTextLocalizationManager: No translations for ('') exist, falling back to 'en' for localization and internationalization data.
[2023.03.31-15.05.01:005][  0]LogCompile: UHT Command Line: ..\Binaries\Win64\UnrealHeaderTool.exe MinidumpDiagnostics C:\Users\aja7\Documents\GitHub\unrealTournament\Engine\Intermediate\Build\Win64\MinidumpDiagnostics\Development\MinidumpDiagnostics.uhtmanifest "-LogCmds=loginit warning, logexit warning, logdatabase error" -Unattended -WarningsAsErrors -NoEnginePlugins
[2023.03.31-15.05.01:015][  0]LogCompile: Loaded manifest: C:\Users\aja7\Documents\GitHub\unrealTournament\Engine\Intermediate\Build\Win64\MinidumpDiagnostics\Development\MinidumpDiagnostics.uhtmanifest
[2023.03.31-15.05.01:015][  0]LogCompile: Manifest.IsGameTarget=False
[2023.03.31-15.05.01:015][  0]LogCompile: Manifest.RootLocalPath=C:\Users\aja7\Documents\GitHub\unrealTournament
[2023.03.31-15.05.01:015][  0]LogCompile: Manifest.RootBuildPath=C:\Users\aja7\Documents\GitHub\unrealTournament\
[2023.03.31-15.05.01:015][  0]LogCompile: Manifest.TargetName=MinidumpDiagnostics
[2023.03.31-15.05.01:015][  0]LogCompile: Manifest.Modules=5
[2023.03.31-15.05.01:015][  0]LogCompile:   CoreUObject
[2023.03.31-15.05.01:015][  0]LogCompile:   .BaseDirectory=C:/Users/aja7/Documents/GitHub/unrealTournament/Engine/Source/Runtime/CoreUObject/
[2023.03.31-15.05.01:015][  0]LogCompile:   .IncludeBase=C:/Users/aja7/Documents/GitHub/unrealTournament/Engine/Source/Runtime/CoreUObject/
[2023.03.31-15.05.01:015][  0]LogCompile:   .GeneratedIncludeDirectory=C:/Users/aja7/Documents/GitHub/unrealTournament/Engine/Intermediate/Build/Win64/MinidumpDiagnostics/Inc/CoreUObject/
[2023.03.31-15.05.01:015][  0]LogCompile:   .SaveExportedHeaders=True
[2023.03.31-15.05.01:015][  0]LogCompile:   .GeneratedCPPFilenameBase=C:/Users/aja7/Documents/GitHub/unrealTournament/Engine/Intermediate/Build/Win64/MinidumpDiagnostics/Inc/CoreUObject/CoreUObject.generated
[2023.03.31-15.05.01:015][  0]LogCompile:   .ModuleType=EngineRuntime
[2023.03.31-15.05.01:015][  0]LogCompile:   InputCore
[2023.03.31-15.05.01:015][  0]LogCompile:   .BaseDirectory=C:/Users/aja7/Documents/GitHub/unrealTournament/Engine/Source/Runtime/InputCore/
[2023.03.31-15.05.01:015][  0]LogCompile:   .IncludeBase=C:/Users/aja7/Documents/GitHub/unrealTournament/Engine/Source/Runtime/InputCore/
[2023.03.31-15.05.01:015][  0]LogCompile:   .GeneratedIncludeDirectory=C:/Users/aja7/Documents/GitHub/unrealTournament/Engine/Intermediate/Build/Win64/MinidumpDiagnostics/Inc/InputCore/
[2023.03.31-15.05.01:015][  0]LogCompile:   .SaveExportedHeaders=True
[2023.03.31-15.05.01:015][  0]LogCompile:   .GeneratedCPPFilenameBase=C:/Users/aja7/Documents/GitHub/unrealTournament/Engine/Intermediate/Build/Win64/MinidumpDiagnostics/Inc/InputCore/InputCore.generated
[2023.03.31-15.05.01:015][  0]LogCompile:   .ModuleType=EngineRuntime
[2023.03.31-15.05.01:015][  0]LogCompile:   SlateCore
[2023.03.31-15.05.01:015][  0]LogCompile:   .BaseDirectory=C:/Users/aja7/Documents/GitHub/unrealTournament/Engine/Source/Runtime/SlateCore/
[2023.03.31-15.05.01:015][  0]LogCompile:   .IncludeBase=C:/Users/aja7/Documents/GitHub/unrealTournament/Engine/Source/Runtime/SlateCore/
[2023.03.31-15.05.01:015][  0]LogCompile:   .GeneratedIncludeDirectory=C:/Users/aja7/Documents/GitHub/unrealTournament/Engine/Intermediate/Build/Win64/MinidumpDiagnostics/Inc/SlateCore/
[2023.03.31-15.05.01:015][  0]LogCompile:   .SaveExportedHeaders=True
[2023.03.31-15.05.01:015][  0]LogCompile:   .GeneratedCPPFilenameBase=C:/Users/aja7/Documents/GitHub/unrealTournament/Engine/Intermediate/Build/Win64/MinidumpDiagnostics/Inc/SlateCore/SlateCore.generated
[2023.03.31-15.05.01:015][  0]LogCompile:   .ModuleType=EngineRuntime
[2023.03.31-15.05.01:015][  0]LogCompile:   Slate
[2023.03.31-15.05.01:015][  0]LogCompile:   .BaseDirectory=C:/Users/aja7/Documents/GitHub/unrealTournament/Engine/Source/Runtime/Slate/
[2023.03.31-15.05.01:015][  0]LogCompile:   .IncludeBase=C:/Users/aja7/Documents/GitHub/unrealTournament/Engine/Source/Runtime/Slate/
[2023.03.31-15.05.01:015][  0]LogCompile:   .GeneratedIncludeDirectory=C:/Users/aja7/Documents/GitHub/unrealTournament/Engine/Intermediate/Build/Win64/MinidumpDiagnostics/Inc/Slate/
[2023.03.31-15.05.01:015][  0]LogCompile:   .SaveExportedHeaders=True
[2023.03.31-15.05.01:015][  0]LogCompile:   .GeneratedCPPFilenameBase=C:/Users/aja7/Documents/GitHub/unrealTournament/Engine/Intermediate/Build/Win64/MinidumpDiagnostics/Inc/Slate/Slate.generated
[2023.03.31-15.05.01:015][  0]LogCompile:   .ModuleType=EngineRuntime
[2023.03.31-15.05.01:015][  0]LogCompile:   EditorStyle
[2023.03.31-15.05.01:015][  0]LogCompile:   .BaseDirectory=C:/Users/aja7/Documents/GitHub/unrealTournament/Engine/Source/Editor/EditorStyle/
[2023.03.31-15.05.01:015][  0]LogCompile:   .IncludeBase=C:/Users/aja7/Documents/GitHub/unrealTournament/Engine/Source/Editor/EditorStyle/
[2023.03.31-15.05.01:015][  0]LogCompile:   .GeneratedIncludeDirectory=C:/Users/aja7/Documents/GitHub/unrealTournament/Engine/Intermediate/Build/Win64/MinidumpDiagnostics/Inc/EditorStyle/
[2023.03.31-15.05.01:015][  0]LogCompile:   .SaveExportedHeaders=True
[2023.03.31-15.05.01:015][  0]LogCompile:   .GeneratedCPPFilenameBase=C:/Users/aja7/Documents/GitHub/unrealTournament/Engine/Intermediate/Build/Win64/MinidumpDiagnostics/Inc/EditorStyle/EditorStyle.generated
[2023.03.31-15.05.01:015][  0]LogCompile:   .ModuleType=EngineEditor
[2023.03.31-15.05.01:017][  0]LogCompile: Preparsed module /Script/CoreUObject containing 3 files(s) in 0.00 secs.
[2023.03.31-15.05.01:018][  0]LogCompile: Preparsed module /Script/InputCore containing 1 files(s) in 0.00 secs.
[2023.03.31-15.05.01:027][  0]LogCompile: Preparsed module /Script/SlateCore containing 19 files(s) in 0.01 secs.
[2023.03.31-15.05.01:033][  0]LogCompile: Preparsed module /Script/Slate containing 18 files(s) in 0.01 secs.
[2023.03.31-15.05.01:033][  0]LogCompile: Preparsed module /Script/EditorStyle containing 1 files(s) in 0.00 secs.
[2023.03.31-15.05.01:038][  0]LogCompile: Exporting native class declarations for /Script/CoreUObject
[2023.03.31-15.05.01:052][  0]LogCompile: Autogenerating boilerplate cpp: CoreUObject.generated.cpp
[2023.03.31-15.05.01:063][  0]LogCompile: Exported updated C++ header: C:/Users/aja7/Documents/GitHub/unrealTournament/Engine/Intermediate/Build/Win64/MinidumpDiagnostics/Inc/CoreUObject/NoExportTypes.generated.h
[2023.03.31-15.05.01:066][  0]LogCompile: Exported updated C++ header: C:/Users/aja7/Documents/GitHub/unrealTournament/Engine/Intermediate/Build/Win64/MinidumpDiagnostics/Inc/CoreUObject/CoreNetTypes.generated.h
[2023.03.31-15.05.01:069][  0]LogCompile: Exported updated C++ header: C:/Users/aja7/Documents/GitHub/unrealTournament/Engine/Intermediate/Build/Win64/MinidumpDiagnostics/Inc/CoreUObject/CoreOnline.generated.h
[2023.03.31-15.05.01:072][  0]LogCompile: Exported updated C++ header: C:/Users/aja7/Documents/GitHub/unrealTournament/Engine/Intermediate/Build/Win64/MinidumpDiagnostics/Inc/CoreUObject/CoreUObject.generated.dep.h
[2023.03.31-15.05.01:075][  0]LogCompile: Exported updated C++ header: C:/Users/aja7/Documents/GitHub/unrealTournament/Engine/Intermediate/Build/Win64/MinidumpDiagnostics/Inc/CoreUObject/CoreUObject.generated.cpp
[2023.03.31-15.05.01:075][  0]LogCompile: Success: Parsed 1434 line(s), 85 statement(s) in 0.04 secs.

[2023.03.31-15.05.01:076][  0]LogCompile: Exporting native class declarations for /Script/InputCore
[2023.03.31-15.05.01:083][  0]LogCompile: Autogenerating boilerplate cpp: InputCore.generated.cpp
[2023.03.31-15.05.01:093][  0]LogCompile: Exported updated C++ header: C:/Users/aja7/Documents/GitHub/unrealTournament/Engine/Intermediate/Build/Win64/MinidumpDiagnostics/Inc/InputCore/InputCoreTypes.generated.h
[2023.03.31-15.05.01:096][  0]LogCompile: Exported updated C++ header: C:/Users/aja7/Documents/GitHub/unrealTournament/Engine/Intermediate/Build/Win64/MinidumpDiagnostics/Inc/InputCore/InputCoreClasses.h
[2023.03.31-15.05.01:099][  0]LogCompile: Exported updated C++ header: C:/Users/aja7/Documents/GitHub/unrealTournament/Engine/Intermediate/Build/Win64/MinidumpDiagnostics/Inc/InputCore/InputCore.generated.dep.h
[2023.03.31-15.05.01:102][  0]LogCompile: Exported updated C++ header: C:/Users/aja7/Documents/GitHub/unrealTournament/Engine/Intermediate/Build/Win64/MinidumpDiagnostics/Inc/InputCore/InputCore.generated.cpp
[2023.03.31-15.05.01:102][  0]LogCompile: Success: Parsed 566 line(s), 21 statement(s) in 0.03 secs.

[2023.03.31-15.05.01:115][  0]LogCompile: Exporting native class declarations for /Script/SlateCore
[2023.03.31-15.05.01:187][  0]LogCompile: Autogenerating boilerplate cpp: SlateCore.generated.cpp
[2023.03.31-15.05.01:198][  0]LogCompile: Exported updated C++ header: C:/Users/aja7/Documents/GitHub/unrealTournament/Engine/Intermediate/Build/Win64/MinidumpDiagnostics/Inc/SlateCore/FontBulkData.generated.h
[2023.03.31-15.05.01:202][  0]LogCompile: Exported updated C++ header: C:/Users/aja7/Documents/GitHub/unrealTournament/Engine/Intermediate/Build/Win64/MinidumpDiagnostics/Inc/SlateCore/CompositeFont.generated.h
[2023.03.31-15.05.01:206][  0]LogCompile: Exported updated C++ header: C:/Users/aja7/Documents/GitHub/unrealTournament/Engine/Intermediate/Build/Win64/MinidumpDiagnostics/Inc/SlateCore/FontFaceInterface.generated.h
[2023.03.31-15.05.01:209][  0]LogCompile: Exported updated C++ header: C:/Users/aja7/Documents/GitHub/unrealTournament/Engine/Intermediate/Build/Win64/MinidumpDiagnostics/Inc/SlateCore/FontProviderInterface.generated.h
[2023.03.31-15.05.01:212][  0]LogCompile: Exported updated C++ header: C:/Users/aja7/Documents/GitHub/unrealTournament/Engine/Intermediate/Build/Win64/MinidumpDiagnostics/Inc/SlateCore/SlateColor.generated.h
[2023.03.31-15.05.01:216][  0]LogCompile: Exported updated C++ header: C:/Users/aja7/Documents/GitHub/unrealTournament/Engine/Intermediate/Build/Win64/MinidumpDiagnostics/Inc/SlateCore/SlateFontInfo.generated.h
[2023.03.31-15.05.01:219][  0]LogCompile: Exported updated C++ header: C:/Users/aja7/Documents/GitHub/unrealTournament/Engine/Intermediate/Build/Win64/MinidumpDiagnostics/Inc/SlateCore/SlateEnums.generated.h
[2023.03.31-15.05.01:222][  0]LogCompile: Exported updated C++ header: C:/Users/aja7/Documents/GitHub/unrealTournament/Engine/Intermediate/Build/Win64/MinidumpDiagnostics/Inc/SlateCore/Margin.generated.h
[2023.03.31-15.05.01:225][  0]LogCompile: Exported updated C++ header: C:/Users/aja7/Documents/GitHub/unrealTournament/Engine/Intermediate/Build/Win64/MinidumpDiagnostics/Inc/SlateCore/SlateSound.generated.h
[2023.03.31-15.05.01:228][  0]LogCompile: Exported updated C++ header: C:/Users/aja7/Documents/GitHub/unrealTournament/Engine/Intermediate/Build/Win64/MinidumpDiagnostics/Inc/SlateCore/SlateBrush.generated.h
[2023.03.31-15.05.01:230][  0]LogCompile: Exported updated C++ header: C:/Users/aja7/Documents/GitHub/unrealTournament/Engine/Intermediate/Build/Win64/MinidumpDiagnostics/Inc/SlateCore/SlateWidgetStyle.generated.h
[2023.03.31-15.05.01:233][  0]LogCompile: Exported updated C++ header: C:/Users/aja7/Documents/GitHub/unrealTournament/Engine/Intermediate/Build/Win64/MinidumpDiagnostics/Inc/SlateCore/SlateTypes.generated.h
[2023.03.31-15.05.01:236][  0]LogCompile: Exported updated C++ header: C:/Users/aja7/Documents/GitHub/unrealTournament/Engine/Intermediate/Build/Win64/MinidumpDiagnostics/Inc/SlateCore/SlateWidgetStyleContainerInterface.generated.h
[2023.03.31-15.05.01:239][  0]LogCompile: Exported updated C++ header: C:/Users/aja7/Documents/GitHub/unrealTournament/Engine/Intermediate/Build/Win64/MinidumpDiagnostics/Inc/SlateCore/SlateWidgetStyleContainerBase.generated.h
[2023.03.31-15.05.01:243][  0]LogCompile: Exported updated C++ header: C:/Users/aja7/Documents/GitHub/unrealTournament/Engine/Intermediate/Build/Win64/MinidumpDiagnostics/Inc/SlateCore/SlateWidgetStyleAsset.generated.h
[2023.03.31-15.05.01:246][  0]LogCompile: Exported updated C++ header: C:/Users/aja7/Documents/GitHub/unrealTournament/Engine/Intermediate/Build/Win64/MinidumpDiagnostics/Inc/SlateCore/FontCache.generated.h
[2023.03.31-15.05.01:249][  0]LogCompile: Exported updated C++ header: C:/Users/aja7/Documents/GitHub/unrealTournament/Engine/Intermediate/Build/Win64/MinidumpDiagnostics/Inc/SlateCore/Geometry.generated.h
[2023.03.31-15.05.01:252][  0]LogCompile: Exported updated C++ header: C:/Users/aja7/Documents/GitHub/unrealTournament/Engine/Intermediate/Build/Win64/MinidumpDiagnostics/Inc/SlateCore/Events.generated.h
[2023.03.31-15.05.01:255][  0]LogCompile: Exported updated C++ header: C:/Users/aja7/Documents/GitHub/unrealTournament/Engine/Intermediate/Build/Win64/MinidumpDiagnostics/Inc/SlateCore/NavigationReply.generated.h
[2023.03.31-15.05.01:258][  0]LogCompile: Exported updated C++ header: C:/Users/aja7/Documents/GitHub/unrealTournament/Engine/Intermediate/Build/Win64/MinidumpDiagnostics/Inc/SlateCore/SlateCoreClasses.h
[2023.03.31-15.05.01:261][  0]LogCompile: Exported updated C++ header: C:/Users/aja7/Documents/GitHub/unrealTournament/Engine/Intermediate/Build/Win64/MinidumpDiagnostics/Inc/SlateCore/SlateCore.generated.dep.h
[2023.03.31-15.05.01:265][  0]LogCompile: Exported updated C++ header: C:/Users/aja7/Documents/GitHub/unrealTournament/Engine/Intermediate/Build/Win64/MinidumpDiagnostics/Inc/SlateCore/SlateCore.generated.cpp
[2023.03.31-15.05.01:265][  0]LogCompile: Success: Parsed 6245 line(s), 320 statement(s) in 0.15 secs.

[2023.03.31-15.05.01:268][  0]LogCompile: Exporting native class declarations for /Script/Slate
[2023.03.31-15.05.01:331][  0]LogCompile: Autogenerating boilerplate cpp: Slate.generated.cpp
[2023.03.31-15.05.01:341][  0]LogCompile: Exported updated C++ header: C:/Users/aja7/Documents/GitHub/unrealTournament/Engine/Intermediate/Build/Win64/MinidumpDiagnostics/Inc/Slate/ButtonWidgetStyle.generated.h
[2023.03.31-15.05.01:344][  0]LogCompile: Exported updated C++ header: C:/Users/aja7/Documents/GitHub/unrealTournament/Engine/Intermediate/Build/Win64/MinidumpDiagnostics/Inc/Slate/CheckBoxWidgetStyle.generated.h
[2023.03.31-15.05.01:347][  0]LogCompile: Exported updated C++ header: C:/Users/aja7/Documents/GitHub/unrealTournament/Engine/Intermediate/Build/Win64/MinidumpDiagnostics/Inc/Slate/ComboBoxWidgetStyle.generated.h
[2023.03.31-15.05.01:350][  0]LogCompile: Exported updated C++ header: C:/Users/aja7/Documents/GitHub/unrealTournament/Engine/Intermediate/Build/Win64/MinidumpDiagnostics/Inc/Slate/ComboButtonWidgetStyle.generated.h
[2023.03.31-15.05.01:354][  0]LogCompile: Exported updated C++ header: C:/Users/aja7/Documents/GitHub/unrealTournament/Engine/Intermediate/Build/Win64/MinidumpDiagnostics/Inc/Slate/EditableTextBoxWidgetStyle.generated.h
[2023.03.31-15.05.01:357][  0]LogCompile: Exported updated C++ header: C:/Users/aja7/Documents/GitHub/unrealTournament/Engine/Intermediate/Build/Win64/MinidumpDiagnostics/Inc/Slate/EditableTextWidgetStyle.generated.h
[2023.03.31-15.05.01:360][  0]LogCompile: Exported updated C++ header: C:/Users/aja7/Documents/GitHub/unrealTournament/Engine/Intermediate/Build/Win64/MinidumpDiagnostics/Inc/Slate/ProgressWidgetStyle.generated.h
[2023.03.31-15.05.01:363][  0]LogCompile: Exported updated C++ header: C:/Users/aja7/Documents/GitHub/unrealTournament/Engine/Intermediate/Build/Win64/MinidumpDiagnostics/Inc/Slate/ScrollBarWidgetStyle.generated.h
[2023.03.31-15.05.01:366][  0]LogCompile: Exported updated C++ header: C:/Users/aja7/Documents/GitHub/unrealTournament/Engine/Intermediate/Build/Win64/MinidumpDiagnostics/Inc/Slate/ScrollBoxWidgetStyle.generated.h
[2023.03.31-15.05.01:369][  0]LogCompile: Exported updated C++ header: C:/Users/aja7/Documents/GitHub/unrealTournament/Engine/Intermediate/Build/Win64/MinidumpDiagnostics/Inc/Slate/SlateSettings.generated.h
[2023.03.31-15.05.01:372][  0]LogCompile: Exported updated C++ header: C:/Users/aja7/Documents/GitHub/unrealTournament/Engine/Intermediate/Build/Win64/MinidumpDiagnostics/Inc/Slate/SpinBoxWidgetStyle.generated.h
[2023.03.31-15.05.01:376][  0]LogCompile: Exported updated C++ header: C:/Users/aja7/Documents/GitHub/unrealTournament/Engine/Intermediate/Build/Win64/MinidumpDiagnostics/Inc/Slate/TextBlockWidgetStyle.generated.h
[2023.03.31-15.05.01:378][  0]LogCompile: Exported updated C++ header: C:/Users/aja7/Documents/GitHub/unrealTournament/Engine/Intermediate/Build/Win64/MinidumpDiagnostics/Inc/Slate/InputChord.generated.h
[2023.03.31-15.05.01:381][  0]LogCompile: Exported updated C++ header: C:/Users/aja7/Documents/GitHub/unrealTournament/Engine/Intermediate/Build/Win64/MinidumpDiagnostics/Inc/Slate/TextLayout.generated.h
[2023.03.31-15.05.01:385][  0]LogCompile: Exported updated C++ header: C:/Users/aja7/Documents/GitHub/unrealTournament/Engine/Intermediate/Build/Win64/MinidumpDiagnostics/Inc/Slate/ITypedTableView.generated.h
[2023.03.31-15.05.01:388][  0]LogCompile: Exported updated C++ header: C:/Users/aja7/Documents/GitHub/unrealTournament/Engine/Intermediate/Build/Win64/MinidumpDiagnostics/Inc/Slate/Anchors.generated.h
[2023.03.31-15.05.01:391][  0]LogCompile: Exported updated C++ header: C:/Users/aja7/Documents/GitHub/unrealTournament/Engine/Intermediate/Build/Win64/MinidumpDiagnostics/Inc/Slate/SScaleBox.generated.h
[2023.03.31-15.05.01:394][  0]LogCompile: Exported updated C++ header: C:/Users/aja7/Documents/GitHub/unrealTournament/Engine/Intermediate/Build/Win64/MinidumpDiagnostics/Inc/Slate/SProgressBar.generated.h
[2023.03.31-15.05.01:397][  0]LogCompile: Exported updated C++ header: C:/Users/aja7/Documents/GitHub/unrealTournament/Engine/Intermediate/Build/Win64/MinidumpDiagnostics/Inc/Slate/SlateClasses.h
[2023.03.31-15.05.01:400][  0]LogCompile: Exported updated C++ header: C:/Users/aja7/Documents/GitHub/unrealTournament/Engine/Intermediate/Build/Win64/MinidumpDiagnostics/Inc/Slate/Slate.generated.dep.h
[2023.03.31-15.05.01:403][  0]LogCompile: Exported updated C++ header: C:/Users/aja7/Documents/GitHub/unrealTournament/Engine/Intermediate/Build/Win64/MinidumpDiagnostics/Inc/Slate/Slate.generated.cpp
[2023.03.31-15.05.01:403][  0]LogCompile: Success: Parsed 1842 line(s), 218 statement(s) in 0.13 secs.

[2023.03.31-15.05.01:404][  0]LogCompile: Exporting native class declarations for /Script/EditorStyle
[2023.03.31-15.05.01:411][  0]LogCompile: Autogenerating boilerplate cpp: EditorStyle.generated.cpp
[2023.03.31-15.05.01:421][  0]LogCompile: Exported updated C++ header: C:/Users/aja7/Documents/GitHub/unrealTournament/Engine/Intermediate/Build/Win64/MinidumpDiagnostics/Inc/EditorStyle/EditorStyleSettings.generated.h
[2023.03.31-15.05.01:424][  0]LogCompile: Exported updated C++ header: C:/Users/aja7/Documents/GitHub/unrealTournament/Engine/Intermediate/Build/Win64/MinidumpDiagnostics/Inc/EditorStyle/EditorStyleClasses.h
[2023.03.31-15.05.01:427][  0]LogCompile: Exported updated C++ header: C:/Users/aja7/Documents/GitHub/unrealTournament/Engine/Intermediate/Build/Win64/MinidumpDiagnostics/Inc/EditorStyle/EditorStyle.generated.dep.h
[2023.03.31-15.05.01:430][  0]LogCompile: Exported updated C++ header: C:/Users/aja7/Documents/GitHub/unrealTournament/Engine/Intermediate/Build/Win64/MinidumpDiagnostics/Inc/EditorStyle/EditorStyle.generated.cpp
[2023.03.31-15.05.01:430][  0]LogCompile: Success: Parsed 194 line(s), 50 statement(s) in 0.03 secs.

[2023.03.31-15.05.01:430][  0]LogCompile: Preparsing 5 modules took 0.02 seconds
[2023.03.31-15.05.01:430][  0]LogCompile: Parsing took 0.02 seconds
[2023.03.31-15.05.01:430][  0]LogCompile: Code generation took 0.38 seconds
[2023.03.31-15.05.01:430][  0]LogCompile: ScriptPlugin overhead was 0.00 seconds
[2023.03.31-15.05.01:430][  0]LogCompile: Macroize time was 0.00 seconds
[2023.03.31-15.05.01:431][  0]LogObj: Freed 0b from 0 cluster array pools.
[2023.03.31-15.05.01:433][  0]Log file closed, 03/31/23 16:05:01
