Log file open, 03/31/23 15:58:44
LogPlatformFile: Not using cached read wrapper
LogInit:Display: RandInit(-2090392109) SRandInit(-2090392109).
LogTaskGraph: Started task graph with 4 named threads and 11 total threads with 1 sets of task threads.
LogDevObjectVersion: Number of dev versions registered: 14
LogDevObjectVersion:   Dev-Blueprints (B0D832E4-1F89-4F0D-ACCF-7EB736FD4AA2): 7
LogDevObjectVersion:   Dev-Build (E1C64328-A22C-4D53-A36C-8E866417BD8C): 0
LogDevObjectVersion:   Dev-Core (375EC13C-06E4-48FB-B500-84F0262A717E): 2
LogDevObjectVersion:   Dev-Editor (E4B068ED-F494-42E9-A231-DA0B2E46BB41): 9
LogDevObjectVersion:   Dev-Framework (CFFC743F-43B0-4480-9391-14DF171D2073): 19
LogDevObjectVersion:   Dev-Mobile (B02B49B5-BB20-44E9-A304-32B752E40360): 0
LogDevObjectVersion:   Dev-Networking (A4E4105C-59A1-49B5-A7C5-40C4547EDFEE): 0
LogDevObjectVersion:   Dev-Online (39C831C9-5AE6-47DC-9A44-9C173E1C8E7C): 0
LogDevObjectVersion:   Dev-Physics (78F01B33-EBEA-4F98-B9B4-84EACCB95AA2): 0
LogDevObjectVersion:   Dev-Platform (6631380F-2D4D-43E0-8009-CF276956A95A): 0
LogDevObjectVersion:   Dev-Rendering (12F88B9F-8875-4AFC-A67C-D90C383ABD29): 12
LogDevObjectVersion:   Dev-Sequencer (7B5AE74C-D270-4C10-A958-57980B212A5A): 1
LogDevObjectVersion:   Dev-VR (D7296918-1DD6-4BDD-9DE2-64A83CC13884): 0
LogDevObjectVersion:   Dev-LoadTimes (C2A15278-BFE7-4AFE-6C17-90FF531DF755): 1
[2023.03.31-14.58.44:341][  0]LogMemory: Memory total: Physical=31.7GB (32GB approx)
[2023.03.31-14.58.44:341][  0]LogMemory: Platform Memory Stats for Windows
[2023.03.31-14.58.44:341][  0]LogMemory: Process Physical Memory: 27.08 MB used, 27.09 MB peak
[2023.03.31-14.58.44:341][  0]LogMemory: Process Virtual Memory: 56.54 MB used, 56.54 MB peak
[2023.03.31-14.58.44:341][  0]LogMemory: Physical Memory: 14793.23 MB used,  17676.27 MB free, 32469.50 MB total
[2023.03.31-14.58.44:341][  0]LogMemory: Virtual Memory: 4307.71 MB used,  17676.27 MB free, 134217728.00 MB total
[2023.03.31-14.58.44:341][  0]LogTextLocalizationManager: No translations for ('') exist, falling back to 'en' for localization and internationalization data.
[2023.03.31-14.58.44:342][  0]LogCompile: UHT Command Line: ..\Binaries\Win64\UnrealHeaderTool.exe UnrealLightmass C:\Users\aja7\Documents\GitHub\unrealTournament\Engine\Intermediate\Build\Win64\UnrealLightmass\Development\UnrealLightmass.uhtmanifest "-LogCmds=loginit warning, logexit warning, logdatabase error" -Unattended -WarningsAsErrors -NoEnginePlugins
[2023.03.31-14.58.44:342][  0]LogCompile: Loaded manifest: C:\Users\aja7\Documents\GitHub\unrealTournament\Engine\Intermediate\Build\Win64\UnrealLightmass\Development\UnrealLightmass.uhtmanifest
[2023.03.31-14.58.44:342][  0]LogCompile: Manifest.IsGameTarget=False
[2023.03.31-14.58.44:342][  0]LogCompile: Manifest.RootLocalPath=C:\Users\aja7\Documents\GitHub\unrealTournament
[2023.03.31-14.58.44:342][  0]LogCompile: Manifest.RootBuildPath=C:\Users\aja7\Documents\GitHub\unrealTournament\
[2023.03.31-14.58.44:342][  0]LogCompile: Manifest.TargetName=UnrealLightmass
[2023.03.31-14.58.44:342][  0]LogCompile: Manifest.Modules=4
[2023.03.31-14.58.44:342][  0]LogCompile:   CoreUObject
[2023.03.31-14.58.44:342][  0]LogCompile:   .BaseDirectory=C:/Users/aja7/Documents/GitHub/unrealTournament/Engine/Source/Runtime/CoreUObject/
[2023.03.31-14.58.44:342][  0]LogCompile:   .IncludeBase=C:/Users/aja7/Documents/GitHub/unrealTournament/Engine/Source/Runtime/CoreUObject/
[2023.03.31-14.58.44:342][  0]LogCompile:   .GeneratedIncludeDirectory=C:/Users/aja7/Documents/GitHub/unrealTournament/Engine/Intermediate/Build/Win64/UnrealLightmass/Inc/CoreUObject/
[2023.03.31-14.58.44:342][  0]LogCompile:   .SaveExportedHeaders=True
[2023.03.31-14.58.44:342][  0]LogCompile:   .GeneratedCPPFilenameBase=C:/Users/aja7/Documents/GitHub/unrealTournament/Engine/Intermediate/Build/Win64/UnrealLightmass/Inc/CoreUObject/CoreUObject.generated
[2023.03.31-14.58.44:342][  0]LogCompile:   .ModuleType=EngineRuntime
[2023.03.31-14.58.44:342][  0]LogCompile:   SwarmInterface
[2023.03.31-14.58.44:342][  0]LogCompile:   .BaseDirectory=C:/Users/aja7/Documents/GitHub/unrealTournament/Engine/Source/Editor/SwarmInterface/
[2023.03.31-14.58.44:342][  0]LogCompile:   .IncludeBase=C:/Users/aja7/Documents/GitHub/unrealTournament/Engine/Source/Editor/SwarmInterface/
[2023.03.31-14.58.44:342][  0]LogCompile:   .GeneratedIncludeDirectory=C:/Users/aja7/Documents/GitHub/unrealTournament/Engine/Intermediate/Build/Win64/UnrealLightmass/Inc/SwarmInterface/
[2023.03.31-14.58.44:342][  0]LogCompile:   .SaveExportedHeaders=True
[2023.03.31-14.58.44:342][  0]LogCompile:   .GeneratedCPPFilenameBase=C:/Users/aja7/Documents/GitHub/unrealTournament/Engine/Intermediate/Build/Win64/UnrealLightmass/Inc/SwarmInterface/SwarmInterface.generated
[2023.03.31-14.58.44:342][  0]LogCompile:   .ModuleType=EngineEditor
[2023.03.31-14.58.44:342][  0]LogCompile:   Serialization
[2023.03.31-14.58.44:342][  0]LogCompile:   .BaseDirectory=C:/Users/aja7/Documents/GitHub/unrealTournament/Engine/Source/Runtime/Serialization/
[2023.03.31-14.58.44:342][  0]LogCompile:   .IncludeBase=C:/Users/aja7/Documents/GitHub/unrealTournament/Engine/Source/Runtime/Serialization/
[2023.03.31-14.58.44:342][  0]LogCompile:   .GeneratedIncludeDirectory=C:/Users/aja7/Documents/GitHub/unrealTournament/Engine/Intermediate/Build/Win64/UnrealLightmass/Inc/Serialization/
[2023.03.31-14.58.44:342][  0]LogCompile:   .SaveExportedHeaders=True
[2023.03.31-14.58.44:342][  0]LogCompile:   .GeneratedCPPFilenameBase=C:/Users/aja7/Documents/GitHub/unrealTournament/Engine/Intermediate/Build/Win64/UnrealLightmass/Inc/Serialization/Serialization.generated
[2023.03.31-14.58.44:342][  0]LogCompile:   .ModuleType=EngineRuntime
[2023.03.31-14.58.44:342][  0]LogCompile:   UdpMessaging
[2023.03.31-14.58.44:342][  0]LogCompile:   .BaseDirectory=C:/Users/aja7/Documents/GitHub/unrealTournament/Engine/Plugins/Messaging/UdpMessaging/Source/UdpMessaging/
[2023.03.31-14.58.44:342][  0]LogCompile:   .IncludeBase=C:/Users/aja7/Documents/GitHub/unrealTournament/Engine/Plugins/Messaging/UdpMessaging/Source/UdpMessaging/
[2023.03.31-14.58.44:342][  0]LogCompile:   .GeneratedIncludeDirectory=C:/Users/aja7/Documents/GitHub/unrealTournament/Engine/Plugins/Messaging/UdpMessaging/Intermediate/Build/Win64/UnrealLightmass/Inc/UdpMessaging/
[2023.03.31-14.58.44:342][  0]LogCompile:   .SaveExportedHeaders=True
[2023.03.31-14.58.44:342][  0]LogCompile:   .GeneratedCPPFilenameBase=C:/Users/aja7/Documents/GitHub/unrealTournament/Engine/Plugins/Messaging/UdpMessaging/Intermediate/Build/Win64/UnrealLightmass/Inc/UdpMessaging/UdpMessaging.generated
[2023.03.31-14.58.44:342][  0]LogCompile:   .ModuleType=EngineRuntime
[2023.03.31-14.58.44:345][  0]LogCompile: Preparsed module /Script/CoreUObject containing 3 files(s) in 0.00 secs.
[2023.03.31-14.58.44:345][  0]LogCompile: Preparsed module /Script/SwarmInterface containing 1 files(s) in 0.00 secs.
[2023.03.31-14.58.44:346][  0]LogCompile: Preparsed module /Script/Serialization containing 1 files(s) in 0.00 secs.
[2023.03.31-14.58.44:347][  0]LogCompile: Preparsed module /Script/UdpMessaging containing 2 files(s) in 0.00 secs.
[2023.03.31-14.58.44:356][  0]LogCompile: Exporting native class declarations for /Script/CoreUObject
[2023.03.31-14.58.44:371][  0]LogCompile: Autogenerating boilerplate cpp: CoreUObject.generated.cpp
[2023.03.31-14.58.44:382][  0]LogCompile: Exported updated C++ header: C:/Users/aja7/Documents/GitHub/unrealTournament/Engine/Intermediate/Build/Win64/UnrealLightmass/Inc/CoreUObject/NoExportTypes.generated.h
[2023.03.31-14.58.44:385][  0]LogCompile: Exported updated C++ header: C:/Users/aja7/Documents/GitHub/unrealTournament/Engine/Intermediate/Build/Win64/UnrealLightmass/Inc/CoreUObject/CoreNetTypes.generated.h
[2023.03.31-14.58.44:388][  0]LogCompile: Exported updated C++ header: C:/Users/aja7/Documents/GitHub/unrealTournament/Engine/Intermediate/Build/Win64/UnrealLightmass/Inc/CoreUObject/CoreOnline.generated.h
[2023.03.31-14.58.44:391][  0]LogCompile: Exported updated C++ header: C:/Users/aja7/Documents/GitHub/unrealTournament/Engine/Intermediate/Build/Win64/UnrealLightmass/Inc/CoreUObject/CoreUObject.generated.dep.h
[2023.03.31-14.58.44:395][  0]LogCompile: Exported updated C++ header: C:/Users/aja7/Documents/GitHub/unrealTournament/Engine/Intermediate/Build/Win64/UnrealLightmass/Inc/CoreUObject/CoreUObject.generated.cpp
[2023.03.31-14.58.44:395][  0]LogCompile: Success: Parsed 1434 line(s), 85 statement(s) in 0.04 secs.

[2023.03.31-14.58.44:396][  0]LogCompile: Exporting native class declarations for /Script/SwarmInterface
[2023.03.31-14.58.44:400][  0]LogCompile: Autogenerating boilerplate cpp: SwarmInterface.generated.cpp
[2023.03.31-14.58.44:411][  0]LogCompile: Exported updated C++ header: C:/Users/aja7/Documents/GitHub/unrealTournament/Engine/Intermediate/Build/Win64/UnrealLightmass/Inc/SwarmInterface/SwarmMessages.generated.h
[2023.03.31-14.58.44:414][  0]LogCompile: Exported updated C++ header: C:/Users/aja7/Documents/GitHub/unrealTournament/Engine/Intermediate/Build/Win64/UnrealLightmass/Inc/SwarmInterface/SwarmInterface.generated.dep.h
[2023.03.31-14.58.44:418][  0]LogCompile: Exported updated C++ header: C:/Users/aja7/Documents/GitHub/unrealTournament/Engine/Intermediate/Build/Win64/UnrealLightmass/Inc/SwarmInterface/SwarmInterface.generated.cpp
[2023.03.31-14.58.44:418][  0]LogCompile: Success: Parsed 254 line(s), 18 statement(s) in 0.02 secs.

[2023.03.31-14.58.44:419][  0]LogCompile: Exporting native class declarations for /Script/Serialization
[2023.03.31-14.58.44:423][  0]LogCompile: Autogenerating boilerplate cpp: Serialization.generated.cpp
[2023.03.31-14.58.44:434][  0]LogCompile: Exported updated C++ header: C:/Users/aja7/Documents/GitHub/unrealTournament/Engine/Intermediate/Build/Win64/UnrealLightmass/Inc/Serialization/StructSerializerTestTypes.generated.h
[2023.03.31-14.58.44:437][  0]LogCompile: Exported updated C++ header: C:/Users/aja7/Documents/GitHub/unrealTournament/Engine/Intermediate/Build/Win64/UnrealLightmass/Inc/Serialization/Serialization.generated.dep.h
[2023.03.31-14.58.44:440][  0]LogCompile: Exported updated C++ header: C:/Users/aja7/Documents/GitHub/unrealTournament/Engine/Intermediate/Build/Win64/UnrealLightmass/Inc/Serialization/Serialization.generated.cpp
[2023.03.31-14.58.44:441][  0]LogCompile: Success: Parsed 287 line(s), 13 statement(s) in 0.02 secs.

[2023.03.31-14.58.44:441][  0]LogCompile: Exporting native class declarations for /Script/UdpMessaging
[2023.03.31-14.58.44:454][  0]LogCompile: Autogenerating boilerplate cpp: UdpMessaging.generated.cpp
[2023.03.31-14.58.44:466][  0]LogCompile: Exported updated C++ header: C:/Users/aja7/Documents/GitHub/unrealTournament/Engine/Plugins/Messaging/UdpMessaging/Intermediate/Build/Win64/UnrealLightmass/Inc/UdpMessaging/UdpMessagingSettings.generated.h
[2023.03.31-14.58.44:470][  0]LogCompile: Exported updated C++ header: C:/Users/aja7/Documents/GitHub/unrealTournament/Engine/Plugins/Messaging/UdpMessaging/Intermediate/Build/Win64/UnrealLightmass/Inc/UdpMessaging/UdpMessagingTestTypes.generated.h
[2023.03.31-14.58.44:474][  0]LogCompile: Exported updated C++ header: C:/Users/aja7/Documents/GitHub/unrealTournament/Engine/Plugins/Messaging/UdpMessaging/Intermediate/Build/Win64/UnrealLightmass/Inc/UdpMessaging/UdpMessagingClasses.h
[2023.03.31-14.58.44:477][  0]LogCompile: Exported updated C++ header: C:/Users/aja7/Documents/GitHub/unrealTournament/Engine/Plugins/Messaging/UdpMessaging/Intermediate/Build/Win64/UnrealLightmass/Inc/UdpMessaging/UdpMessaging.generated.dep.h
[2023.03.31-14.58.44:481][  0]LogCompile: Exported updated C++ header: C:/Users/aja7/Documents/GitHub/unrealTournament/Engine/Plugins/Messaging/UdpMessaging/Intermediate/Build/Win64/UnrealLightmass/Inc/UdpMessaging/UdpMessaging.generated.cpp
[2023.03.31-14.58.44:481][  0]LogCompile: Success: Parsed 178 line(s), 27 statement(s) in 0.04 secs.

[2023.03.31-14.58.44:481][  0]LogCompile: Preparsing 4 modules took 0.00 seconds
[2023.03.31-14.58.44:481][  0]LogCompile: Parsing took 0.01 seconds
[2023.03.31-14.58.44:481][  0]LogCompile: Code generation took 0.12 seconds
[2023.03.31-14.58.44:481][  0]LogCompile: ScriptPlugin overhead was 0.00 seconds
[2023.03.31-14.58.44:481][  0]LogCompile: Macroize time was 0.00 seconds
[2023.03.31-14.58.44:483][  0]LogObj: Freed 0b from 0 cluster array pools.
[2023.03.31-14.58.44:484][  0]Log file closed, 03/31/23 15:58:44
